[2019-08-10 12:36:03] [INFO] [org.jeecgframework.minidao.factory.MiniDaoClassPathMapperScanner:48] register minidao name is { org.jeecgframework.web.cgdynamgraph.dao.core.CgDynamGraphDao }
[2019-08-10 12:36:03] [INFO] [org.jeecgframework.minidao.factory.MiniDaoClassPathMapperScanner:48] register minidao name is { org.jeecgframework.web.cgform.dao.config.CgFormFieldDao }
[2019-08-10 12:36:03] [INFO] [org.jeecgframework.minidao.factory.MiniDaoClassPathMapperScanner:48] register minidao name is { org.jeecgframework.web.cgform.dao.config.CgFormVersionDao }
[2019-08-10 12:36:03] [INFO] [org.jeecgframework.minidao.factory.MiniDaoClassPathMapperScanner:48] register minidao name is { org.jeecgframework.web.cgform.dao.upload.CgFormUploadDao }
[2019-08-10 12:36:03] [INFO] [org.jeecgframework.minidao.factory.MiniDaoClassPathMapperScanner:48] register minidao name is { org.jeecgframework.web.cgreport.dao.core.CgReportDao }
[2019-08-10 12:36:03] [INFO] [org.jeecgframework.minidao.factory.MiniDaoClassPathMapperScanner:48] register minidao name is { org.jeecgframework.web.system.dao.DepartAuthGroupDao }
[2019-08-10 12:36:03] [INFO] [org.jeecgframework.minidao.factory.MiniDaoClassPathMapperScanner:48] register minidao name is { org.jeecgframework.web.system.dao.JeecgDictDao }
[2019-08-10 12:36:03] [INFO] [org.jeecgframework.minidao.factory.MiniDaoClassPathMapperScanner:48] register minidao name is { com.jeecg.demo.dao.JeecgMinidaoDao }
[2019-08-10 12:36:03] [INFO] [org.jeecgframework.minidao.factory.MiniDaoClassPathMapperScanner:48] register minidao name is { com.jeecg.core.biz.mutiLang.dao.P3MutiLangDao }
[2019-08-10 12:36:03] [INFO] [org.jeecgframework.minidao.factory.MiniDaoClassPathMapperScanner:48] register minidao name is { com.jeecg.core.biz.tag.select.dict.dao.TSTypeDao }
[2019-08-10 12:36:03] [INFO] [org.jeecgframework.minidao.factory.MiniDaoClassPathMapperScanner:48] register minidao name is { com.jeecg.core.biz.tag.select.table.dao.CustomTableDao }
[2019-08-10 12:36:03] [INFO] [org.jeecgframework.minidao.factory.MiniDaoClassPathMapperScanner:48] register minidao name is { com.jeecg.core.biz.dao.TSOperationDao }
[2019-08-10 12:36:03] [INFO] [org.jeecgframework.minidao.factory.MiniDaoClassPathMapperScanner:48] register minidao name is { com.jeecg.actInvite.dao.WxActInviteDao }
[2019-08-10 12:36:03] [INFO] [org.jeecgframework.minidao.factory.MiniDaoClassPathMapperScanner:48] register minidao name is { com.jeecg.auth.dao.JwSystemAuthDao }
[2019-08-10 12:36:03] [INFO] [org.jeecgframework.minidao.factory.MiniDaoClassPathMapperScanner:48] register minidao name is { com.jeecg.domo.order.dao.JpDemoOrderCustomDao }
[2019-08-10 12:36:03] [INFO] [org.jeecgframework.minidao.factory.MiniDaoClassPathMapperScanner:48] register minidao name is { com.jeecg.domo.order.dao.JpDemoOrderMainDao }
[2019-08-10 12:36:03] [INFO] [org.jeecgframework.minidao.factory.MiniDaoClassPathMapperScanner:48] register minidao name is { com.jeecg.domo.order.dao.JpDemoOrderProductDao }
[2019-08-10 12:36:03] [INFO] [org.jeecgframework.minidao.factory.MiniDaoClassPathMapperScanner:48] register minidao name is { com.jeecg.chat.dao.ChatMessageHistoryDao }
[2019-08-10 12:36:03] [INFO] [org.jeecgframework.minidao.factory.MiniDaoClassPathMapperScanner:48] register minidao name is { com.jeecg.chat.dao.ImDao }
[2019-08-10 12:36:03] [INFO] [org.jeecgframework.minidao.factory.MiniDaoClassPathMapperScanner:48] register minidao name is { com.jeecg.mail.dao.P3MailJformInnerMailAttachDao }
[2019-08-10 12:36:03] [INFO] [org.jeecgframework.minidao.factory.MiniDaoClassPathMapperScanner:48] register minidao name is { com.jeecg.mail.dao.P3MailJformInnerMailDao }
[2019-08-10 12:36:03] [INFO] [org.jeecgframework.minidao.factory.MiniDaoClassPathMapperScanner:48] register minidao name is { com.jeecg.mail.dao.P3MailJformInnerMailReceiverDao }
[2019-08-10 12:36:03] [INFO] [org.jeecgframework.minidao.factory.MiniDaoClassPathMapperScanner:48] register minidao name is { com.jeecg.mail.dao.P3MailTSBaseUserDao }
[2019-08-10 12:36:03] [INFO] [org.jeecgframework.minidao.factory.MiniDaoClassPathMapperScanner:48] register minidao name is { com.jeecg.mail.dao.P3MailTSUserDao }
[2019-08-10 12:36:03] [INFO] [org.jeecgframework.minidao.factory.MiniDaoClassPathMapperScanner:48] register minidao name is { com.action.actsale.dao.BusContractMiniDao }
[2019-08-10 12:36:03] [INFO] [com.alibaba.druid.pool.DruidDataSource:928] {dataSource-1} inited
[2019-08-10 12:36:06] [WARN] [org.hibernate.id.UUIDHexGenerator:59] HHH000409: Using org.hibernate.id.UUIDHexGenerator which does not generate IETF RFC 4122 compliant UUID values; consider using org.hibernate.id.UUIDGenerator instead
[2019-08-10 12:36:06] [WARN] [net.sf.ehcache.config.CacheConfiguration:698] Cache 'foreverCache' is set to eternal but also has TTI/TTL set.  To avoid this warning, clean up the config removing conflicting values of eternal, TTI and TTL. Effective configuration for Cache 'foreverCache' will be eternal='true', timeToIdleSeconds='0', timeToLiveSeconds='0'.
[2019-08-10 12:36:09] [INFO] [org.quartz.impl.StdSchedulerFactory:1208] Using default implementation for ThreadExecutor
[2019-08-10 12:36:09] [INFO] [org.quartz.core.SchedulerSignalerImpl:61] Initialized Scheduler Signaller of type: class org.quartz.core.SchedulerSignalerImpl
[2019-08-10 12:36:09] [INFO] [org.quartz.core.QuartzScheduler:229] Quartz Scheduler v.2.3.0 created.
[2019-08-10 12:36:09] [INFO] [org.quartz.simpl.RAMJobStore:155] RAMJobStore initialized.
[2019-08-10 12:36:09] [INFO] [org.quartz.core.QuartzScheduler:294] Scheduler meta-data: Quartz Scheduler (v2.3.0) 'schedulerFactory' with instanceId 'NON_CLUSTERED'
  Scheduler class: 'org.quartz.core.QuartzScheduler' - running locally.
  NOT STARTED.
  Currently in standby mode.
  Number of jobs executed: 0
  Using thread pool 'org.quartz.simpl.SimpleThreadPool' - with 10 threads.
  Using job-store 'org.quartz.simpl.RAMJobStore' - which does not support persistence. and is not clustered.

[2019-08-10 12:36:09] [INFO] [org.quartz.impl.StdSchedulerFactory:1362] Quartz scheduler 'schedulerFactory' initialized from an externally provided properties instance.
[2019-08-10 12:36:09] [INFO] [org.quartz.impl.StdSchedulerFactory:1366] Quartz scheduler version: 2.3.0
[2019-08-10 12:36:09] [INFO] [org.quartz.core.QuartzScheduler:2287] JobFactory set to: org.jeecgframework.web.system.sms.util.JQuartzJobFactory@61574a5f
[2019-08-10 12:36:10] [INFO] [org.jeecgframework.core.timer.DynamicTask:252]  register time task class num is [0] 
[2019-08-10 12:36:12] [INFO] [org.jeecgframework.core.timer.DataBaseSchedulerFactoryBean:648] Starting Quartz Scheduler now
[2019-08-10 12:36:12] [INFO] [org.quartz.core.QuartzScheduler:547] Scheduler schedulerFactory_$_NON_CLUSTERED started.
[2019-08-10 12:36:12] [INFO] [org.jeecgframework.web.system.service.impl.SystemServiceImpl:180]   ------ 初始化字典组 【系统缓存】-----------typeGroupsList-----size: [51]
[2019-08-10 12:36:12] [INFO] [org.jeecgframework.web.system.service.impl.SystemServiceImpl:181]   ------ 初始化字典 【系统缓存】-----------typesList-----size: [51]
[2019-08-10 12:36:13] [INFO] [org.jeecgframework.web.system.service.impl.MutiLangServiceImpl:43]   ------ 初始化国际化语言【系统缓存】  ------ size: [1219] 
[2019-08-10 12:36:13] [INFO] [org.jeecgframework.web.system.service.impl.DynamicDataSourceServiceImpl:41]   ------ 初始化动态数据源配置【系统缓存】---------size: [2] 
[2019-08-10 12:56:31] [INFO] [org.jeecgframework.web.system.controller.core.LoginController:223]  >>>>>>>>>>>>>>>>>>>>>>>>>>  Login 用户登录成功，初始化Main首页用户信息  （Main 首页加载逻辑）  >>>>>>>>>>>>>>>>>>>>>>>>>>>>>>>>> 
[2019-08-10 12:56:31] [INFO] [org.jeecgframework.web.system.controller.core.LoginController:264] login 资源路径returnURL：null
[2019-08-10 12:56:33] [INFO] [com.jeecg.chat.web.ImController:318] --通过流的方式获取文件异常--D:\upFiles\20170502\4afbfbedab64034f9015f1bca8c379310b551dab.jpg (系统找不到指定的路径。)
[2019-08-10 12:56:33] [INFO] [com.jeecg.chat.web.ImController:318] --通过流的方式获取文件异常--D:\upFiles\upload\files\20180715\qq_1531625977907.jpg (系统找不到指定的路径。)
[2019-08-10 12:56:37] [INFO] [com.action.actsale.controller.BusContractController:146] -- 合同完成状态（0制作中，1已审核） --0
[2019-08-10 12:56:37] [INFO] [com.action.actsale.controller.BusContractController:146] -- 合同完成状态（0制作中，1已审核） --1
[2019-08-10 12:58:41] [INFO] [org.jeecgframework.web.cgform.controller.build.CgFormBuildController:268] ============================填值规则开始时间:2019-08-10 12:58:41==============================
[2019-08-10 12:58:41] [INFO] [org.jeecgframework.web.cgform.controller.build.CgFormBuildController:293] ================================填值规则结束时间:2019-08-10 12:58:41==============================
[2019-08-10 12:58:41] [INFO] [org.jeecgframework.web.cgform.controller.build.CgFormBuildController:294] ================================填值规则耗时:0ms==============================
[2019-08-10 16:27:09] [INFO] [org.jeecgframework.minidao.factory.MiniDaoClassPathMapperScanner:48] register minidao name is { org.jeecgframework.web.cgdynamgraph.dao.core.CgDynamGraphDao }
[2019-08-10 16:27:09] [INFO] [org.jeecgframework.minidao.factory.MiniDaoClassPathMapperScanner:48] register minidao name is { org.jeecgframework.web.cgform.dao.config.CgFormFieldDao }
[2019-08-10 16:27:09] [INFO] [org.jeecgframework.minidao.factory.MiniDaoClassPathMapperScanner:48] register minidao name is { org.jeecgframework.web.cgform.dao.config.CgFormVersionDao }
[2019-08-10 16:27:09] [INFO] [org.jeecgframework.minidao.factory.MiniDaoClassPathMapperScanner:48] register minidao name is { org.jeecgframework.web.cgform.dao.upload.CgFormUploadDao }
[2019-08-10 16:27:09] [INFO] [org.jeecgframework.minidao.factory.MiniDaoClassPathMapperScanner:48] register minidao name is { org.jeecgframework.web.cgreport.dao.core.CgReportDao }
[2019-08-10 16:27:09] [INFO] [org.jeecgframework.minidao.factory.MiniDaoClassPathMapperScanner:48] register minidao name is { org.jeecgframework.web.system.dao.DepartAuthGroupDao }
[2019-08-10 16:27:09] [INFO] [org.jeecgframework.minidao.factory.MiniDaoClassPathMapperScanner:48] register minidao name is { org.jeecgframework.web.system.dao.JeecgDictDao }
[2019-08-10 16:27:09] [INFO] [org.jeecgframework.minidao.factory.MiniDaoClassPathMapperScanner:48] register minidao name is { com.jeecg.demo.dao.JeecgMinidaoDao }
[2019-08-10 16:27:09] [INFO] [org.jeecgframework.minidao.factory.MiniDaoClassPathMapperScanner:48] register minidao name is { com.jeecg.core.biz.mutiLang.dao.P3MutiLangDao }
[2019-08-10 16:27:09] [INFO] [org.jeecgframework.minidao.factory.MiniDaoClassPathMapperScanner:48] register minidao name is { com.jeecg.core.biz.tag.select.dict.dao.TSTypeDao }
[2019-08-10 16:27:09] [INFO] [org.jeecgframework.minidao.factory.MiniDaoClassPathMapperScanner:48] register minidao name is { com.jeecg.core.biz.tag.select.table.dao.CustomTableDao }
[2019-08-10 16:27:09] [INFO] [org.jeecgframework.minidao.factory.MiniDaoClassPathMapperScanner:48] register minidao name is { com.jeecg.core.biz.dao.TSOperationDao }
[2019-08-10 16:27:09] [INFO] [org.jeecgframework.minidao.factory.MiniDaoClassPathMapperScanner:48] register minidao name is { com.jeecg.actInvite.dao.WxActInviteDao }
[2019-08-10 16:27:09] [INFO] [org.jeecgframework.minidao.factory.MiniDaoClassPathMapperScanner:48] register minidao name is { com.jeecg.auth.dao.JwSystemAuthDao }
[2019-08-10 16:27:09] [INFO] [org.jeecgframework.minidao.factory.MiniDaoClassPathMapperScanner:48] register minidao name is { com.jeecg.domo.order.dao.JpDemoOrderCustomDao }
[2019-08-10 16:27:09] [INFO] [org.jeecgframework.minidao.factory.MiniDaoClassPathMapperScanner:48] register minidao name is { com.jeecg.domo.order.dao.JpDemoOrderMainDao }
[2019-08-10 16:27:09] [INFO] [org.jeecgframework.minidao.factory.MiniDaoClassPathMapperScanner:48] register minidao name is { com.jeecg.domo.order.dao.JpDemoOrderProductDao }
[2019-08-10 16:27:09] [INFO] [org.jeecgframework.minidao.factory.MiniDaoClassPathMapperScanner:48] register minidao name is { com.jeecg.chat.dao.ChatMessageHistoryDao }
[2019-08-10 16:27:09] [INFO] [org.jeecgframework.minidao.factory.MiniDaoClassPathMapperScanner:48] register minidao name is { com.jeecg.chat.dao.ImDao }
[2019-08-10 16:27:09] [INFO] [org.jeecgframework.minidao.factory.MiniDaoClassPathMapperScanner:48] register minidao name is { com.jeecg.mail.dao.P3MailJformInnerMailAttachDao }
[2019-08-10 16:27:09] [INFO] [org.jeecgframework.minidao.factory.MiniDaoClassPathMapperScanner:48] register minidao name is { com.jeecg.mail.dao.P3MailJformInnerMailDao }
[2019-08-10 16:27:09] [INFO] [org.jeecgframework.minidao.factory.MiniDaoClassPathMapperScanner:48] register minidao name is { com.jeecg.mail.dao.P3MailJformInnerMailReceiverDao }
[2019-08-10 16:27:09] [INFO] [org.jeecgframework.minidao.factory.MiniDaoClassPathMapperScanner:48] register minidao name is { com.jeecg.mail.dao.P3MailTSBaseUserDao }
[2019-08-10 16:27:09] [INFO] [org.jeecgframework.minidao.factory.MiniDaoClassPathMapperScanner:48] register minidao name is { com.jeecg.mail.dao.P3MailTSUserDao }
[2019-08-10 16:27:09] [INFO] [org.jeecgframework.minidao.factory.MiniDaoClassPathMapperScanner:48] register minidao name is { com.action.actsale.dao.BusContractMiniDao }
[2019-08-10 16:27:11] [INFO] [com.alibaba.druid.pool.DruidDataSource:928] {dataSource-1} inited
[2019-08-10 16:27:18] [WARN] [org.hibernate.id.UUIDHexGenerator:59] HHH000409: Using org.hibernate.id.UUIDHexGenerator which does not generate IETF RFC 4122 compliant UUID values; consider using org.hibernate.id.UUIDGenerator instead
[2019-08-10 16:27:19] [WARN] [net.sf.ehcache.config.CacheConfiguration:698] Cache 'foreverCache' is set to eternal but also has TTI/TTL set.  To avoid this warning, clean up the config removing conflicting values of eternal, TTI and TTL. Effective configuration for Cache 'foreverCache' will be eternal='true', timeToIdleSeconds='0', timeToLiveSeconds='0'.
[2019-08-10 16:27:23] [INFO] [org.quartz.impl.StdSchedulerFactory:1208] Using default implementation for ThreadExecutor
[2019-08-10 16:27:23] [INFO] [org.quartz.core.SchedulerSignalerImpl:61] Initialized Scheduler Signaller of type: class org.quartz.core.SchedulerSignalerImpl
[2019-08-10 16:27:23] [INFO] [org.quartz.core.QuartzScheduler:229] Quartz Scheduler v.2.3.0 created.
[2019-08-10 16:27:23] [INFO] [org.quartz.simpl.RAMJobStore:155] RAMJobStore initialized.
[2019-08-10 16:27:23] [INFO] [org.quartz.core.QuartzScheduler:294] Scheduler meta-data: Quartz Scheduler (v2.3.0) 'schedulerFactory' with instanceId 'NON_CLUSTERED'
  Scheduler class: 'org.quartz.core.QuartzScheduler' - running locally.
  NOT STARTED.
  Currently in standby mode.
  Number of jobs executed: 0
  Using thread pool 'org.quartz.simpl.SimpleThreadPool' - with 10 threads.
  Using job-store 'org.quartz.simpl.RAMJobStore' - which does not support persistence. and is not clustered.

[2019-08-10 16:27:23] [INFO] [org.quartz.impl.StdSchedulerFactory:1362] Quartz scheduler 'schedulerFactory' initialized from an externally provided properties instance.
[2019-08-10 16:27:23] [INFO] [org.quartz.impl.StdSchedulerFactory:1366] Quartz scheduler version: 2.3.0
[2019-08-10 16:27:23] [INFO] [org.quartz.core.QuartzScheduler:2287] JobFactory set to: org.jeecgframework.web.system.sms.util.JQuartzJobFactory@44804a73
[2019-08-10 16:27:25] [INFO] [org.jeecgframework.core.timer.DynamicTask:252]  register time task class num is [0] 
[2019-08-10 16:27:28] [INFO] [org.jeecgframework.core.timer.DataBaseSchedulerFactoryBean:648] Starting Quartz Scheduler now
[2019-08-10 16:27:28] [INFO] [org.quartz.core.QuartzScheduler:547] Scheduler schedulerFactory_$_NON_CLUSTERED started.
[2019-08-10 16:27:29] [INFO] [org.jeecgframework.web.system.service.impl.SystemServiceImpl:180]   ------ 初始化字典组 【系统缓存】-----------typeGroupsList-----size: [51]
[2019-08-10 16:27:29] [INFO] [org.jeecgframework.web.system.service.impl.SystemServiceImpl:181]   ------ 初始化字典 【系统缓存】-----------typesList-----size: [51]
[2019-08-10 16:27:30] [INFO] [org.jeecgframework.web.system.service.impl.MutiLangServiceImpl:43]   ------ 初始化国际化语言【系统缓存】  ------ size: [1219] 
[2019-08-10 16:27:30] [INFO] [org.jeecgframework.web.system.service.impl.DynamicDataSourceServiceImpl:41]   ------ 初始化动态数据源配置【系统缓存】---------size: [2] 
[2019-08-10 16:28:23] [INFO] [org.jeecgframework.web.system.controller.core.LoginController:223]  >>>>>>>>>>>>>>>>>>>>>>>>>>  Login 用户登录成功，初始化Main首页用户信息  （Main 首页加载逻辑）  >>>>>>>>>>>>>>>>>>>>>>>>>>>>>>>>> 
[2019-08-10 16:28:23] [INFO] [org.jeecgframework.web.system.controller.core.LoginController:264] login 资源路径returnURL：null
[2019-08-10 16:28:25] [INFO] [com.jeecg.chat.web.ImController:318] --通过流的方式获取文件异常--D:\upFiles\upload\files\20180715\qq_1531625977907.jpg (系统找不到指定的路径。)
[2019-08-10 16:28:25] [INFO] [com.jeecg.chat.web.ImController:318] --通过流的方式获取文件异常--D:\upFiles\20170502\4afbfbedab64034f9015f1bca8c379310b551dab.jpg (系统找不到指定的路径。)
[2019-08-10 16:28:27] [INFO] [com.action.actsale.controller.BusContractController:146] -- 合同完成状态（0制作中，1已审核） --0
[2019-08-10 16:28:27] [INFO] [com.action.actsale.controller.BusContractController:146] -- 合同完成状态（0制作中，1已审核） --1
[2019-08-10 16:30:15] [INFO] [org.jeecgframework.web.system.service.impl.EhcacheService:61]   EhcacheService  clean cacheName：[systemBaseCache] 
[2019-08-10 16:30:15] [INFO] [org.jeecgframework.web.cgform.controller.config.CgFormHeadController:412] [本地][online表单配置保存]修改成功表名：bus_po_pay
[2019-08-10 16:30:17] [INFO] [org.jeecgframework.web.cgform.controller.config.CgFormHeadController:251] ---同步数据库 ---doDbSynch-----> TableName:bus_po_pay ---修改时间 :2019-08-10 16:30:16.0 ----创建时间:2019-07-30 09:39:15.0---请求IP ---+0:0:0:0:0:0:0:1
[2019-08-10 16:30:17] [INFO] [org.jeecgframework.web.cgform.service.impl.config.util.DbTableProcess:228] getColumnMetadataFormDataBase --->COLUMN_NAME:ID TYPE_NAME :VARCHAR DECIMAL_DIGITS:0 COLUMN_SIZE:36
[2019-08-10 16:30:17] [INFO] [org.jeecgframework.web.cgform.service.impl.config.util.DbTableProcess:228] getColumnMetadataFormDataBase --->COLUMN_NAME:BPP_PAY_ID TYPE_NAME :VARCHAR DECIMAL_DIGITS:0 COLUMN_SIZE:32
[2019-08-10 16:30:17] [INFO] [org.jeecgframework.web.cgform.service.impl.config.util.DbTableProcess:228] getColumnMetadataFormDataBase --->COLUMN_NAME:BPP_INV_TYPE TYPE_NAME :VARCHAR DECIMAL_DIGITS:0 COLUMN_SIZE:32
[2019-08-10 16:30:17] [INFO] [org.jeecgframework.web.cgform.service.impl.config.util.DbTableProcess:228] getColumnMetadataFormDataBase --->COLUMN_NAME:BPP_INV_AMOUNT TYPE_NAME :DECIMAL DECIMAL_DIGITS:0 COLUMN_SIZE:32
[2019-08-10 16:30:17] [INFO] [org.jeecgframework.web.cgform.service.impl.config.util.DbTableProcess:228] getColumnMetadataFormDataBase --->COLUMN_NAME:BPP_TAX_RATE TYPE_NAME :VARCHAR DECIMAL_DIGITS:0 COLUMN_SIZE:32
[2019-08-10 16:30:17] [INFO] [org.jeecgframework.web.cgform.service.impl.config.util.DbTableProcess:228] getColumnMetadataFormDataBase --->COLUMN_NAME:BPP_PAY_DATE TYPE_NAME :DATETIME DECIMAL_DIGITS:0 COLUMN_SIZE:19
[2019-08-10 16:30:17] [INFO] [org.jeecgframework.web.cgform.service.impl.config.util.DbTableProcess:228] getColumnMetadataFormDataBase --->COLUMN_NAME:BPP_STATE TYPE_NAME :VARCHAR DECIMAL_DIGITS:0 COLUMN_SIZE:32
[2019-08-10 16:30:17] [INFO] [org.jeecgframework.web.cgform.service.impl.config.util.DbTableProcess:228] getColumnMetadataFormDataBase --->COLUMN_NAME:FROM_PROJM_ID TYPE_NAME :VARCHAR DECIMAL_DIGITS:0 COLUMN_SIZE:32
[2019-08-10 16:30:17] [INFO] [org.jeecgframework.web.cgform.service.impl.config.util.DbTableProcess:228] getColumnMetadataFormDataBase --->COLUMN_NAME:FROM_SUPP_ID TYPE_NAME :VARCHAR DECIMAL_DIGITS:0 COLUMN_SIZE:32
[2019-08-10 16:30:17] [INFO] [org.jeecgframework.web.cgform.service.impl.config.util.DbTableProcess:228] getColumnMetadataFormDataBase --->COLUMN_NAME:BPP_ACCESSORY TYPE_NAME :VARCHAR DECIMAL_DIGITS:0 COLUMN_SIZE:32
[2019-08-10 16:30:17] [INFO] [org.jeecgframework.web.cgform.service.impl.config.util.DbTableProcess:228] getColumnMetadataFormDataBase --->COLUMN_NAME:CREATE_NAME TYPE_NAME :VARCHAR DECIMAL_DIGITS:0 COLUMN_SIZE:50
[2019-08-10 16:30:17] [INFO] [org.jeecgframework.web.cgform.service.impl.config.util.DbTableProcess:228] getColumnMetadataFormDataBase --->COLUMN_NAME:CREATE_BY TYPE_NAME :VARCHAR DECIMAL_DIGITS:0 COLUMN_SIZE:50
[2019-08-10 16:30:17] [INFO] [org.jeecgframework.web.cgform.service.impl.config.util.DbTableProcess:228] getColumnMetadataFormDataBase --->COLUMN_NAME:CREATE_DATE TYPE_NAME :DATETIME DECIMAL_DIGITS:0 COLUMN_SIZE:19
[2019-08-10 16:30:17] [INFO] [org.jeecgframework.web.cgform.service.impl.config.util.DbTableProcess:228] getColumnMetadataFormDataBase --->COLUMN_NAME:UPDATE_NAME TYPE_NAME :VARCHAR DECIMAL_DIGITS:0 COLUMN_SIZE:50
[2019-08-10 16:30:17] [INFO] [org.jeecgframework.web.cgform.service.impl.config.util.DbTableProcess:228] getColumnMetadataFormDataBase --->COLUMN_NAME:UPDATE_BY TYPE_NAME :VARCHAR DECIMAL_DIGITS:0 COLUMN_SIZE:50
[2019-08-10 16:30:17] [INFO] [org.jeecgframework.web.cgform.service.impl.config.util.DbTableProcess:228] getColumnMetadataFormDataBase --->COLUMN_NAME:UPDATE_DATE TYPE_NAME :DATETIME DECIMAL_DIGITS:0 COLUMN_SIZE:19
[2019-08-10 16:30:17] [INFO] [org.jeecgframework.web.cgform.service.impl.config.util.DbTableProcess:228] getColumnMetadataFormDataBase --->COLUMN_NAME:SYS_ORG_CODE TYPE_NAME :VARCHAR DECIMAL_DIGITS:0 COLUMN_SIZE:50
[2019-08-10 16:30:17] [INFO] [org.jeecgframework.web.cgform.service.impl.config.util.DbTableProcess:228] getColumnMetadataFormDataBase --->COLUMN_NAME:SYS_COMPANY_CODE TYPE_NAME :VARCHAR DECIMAL_DIGITS:0 COLUMN_SIZE:50
[2019-08-10 16:30:17] [INFO] [org.jeecgframework.web.cgform.service.impl.config.util.DbTableProcess:228] getColumnMetadataFormDataBase --->COLUMN_NAME:BPM_STATUS TYPE_NAME :VARCHAR DECIMAL_DIGITS:0 COLUMN_SIZE:32
[2019-08-10 16:30:17] [INFO] [org.jeecgframework.web.cgform.service.impl.config.util.DbTableProcess:269] getColumnMetadataFormCgForm ---->COLUMN_NAME:id TYPE_NAME:string DECIMAL_DIGITS:0 COLUMN_SIZE:36
[2019-08-10 16:30:17] [INFO] [org.jeecgframework.web.cgform.service.impl.config.util.DbTableProcess:269] getColumnMetadataFormCgForm ---->COLUMN_NAME:bpp_pay_id TYPE_NAME:string DECIMAL_DIGITS:0 COLUMN_SIZE:32
[2019-08-10 16:30:17] [INFO] [org.jeecgframework.web.cgform.service.impl.config.util.DbTableProcess:269] getColumnMetadataFormCgForm ---->COLUMN_NAME:bpp_inv_type TYPE_NAME:string DECIMAL_DIGITS:0 COLUMN_SIZE:32
[2019-08-10 16:30:17] [INFO] [org.jeecgframework.web.cgform.service.impl.config.util.DbTableProcess:269] getColumnMetadataFormCgForm ---->COLUMN_NAME:bpp_inv_amount TYPE_NAME:bigdecimal DECIMAL_DIGITS:0 COLUMN_SIZE:32
[2019-08-10 16:30:17] [INFO] [org.jeecgframework.web.cgform.service.impl.config.util.DbTableProcess:269] getColumnMetadataFormCgForm ---->COLUMN_NAME:bpp_tax_rate TYPE_NAME:string DECIMAL_DIGITS:0 COLUMN_SIZE:32
[2019-08-10 16:30:17] [INFO] [org.jeecgframework.web.cgform.service.impl.config.util.DbTableProcess:269] getColumnMetadataFormCgForm ---->COLUMN_NAME:bpp_pay_date TYPE_NAME:date DECIMAL_DIGITS:0 COLUMN_SIZE:32
[2019-08-10 16:30:17] [INFO] [org.jeecgframework.web.cgform.service.impl.config.util.DbTableProcess:269] getColumnMetadataFormCgForm ---->COLUMN_NAME:bpp_state TYPE_NAME:string DECIMAL_DIGITS:0 COLUMN_SIZE:32
[2019-08-10 16:30:17] [INFO] [org.jeecgframework.web.cgform.service.impl.config.util.DbTableProcess:269] getColumnMetadataFormCgForm ---->COLUMN_NAME:bpp_money TYPE_NAME:bigdecimal DECIMAL_DIGITS:0 COLUMN_SIZE:32
[2019-08-10 16:30:17] [INFO] [org.jeecgframework.web.cgform.service.impl.config.util.DbTableProcess:269] getColumnMetadataFormCgForm ---->COLUMN_NAME:from_projm_id TYPE_NAME:string DECIMAL_DIGITS:0 COLUMN_SIZE:32
[2019-08-10 16:30:17] [INFO] [org.jeecgframework.web.cgform.service.impl.config.util.DbTableProcess:269] getColumnMetadataFormCgForm ---->COLUMN_NAME:from_supp_id TYPE_NAME:string DECIMAL_DIGITS:0 COLUMN_SIZE:32
[2019-08-10 16:30:17] [INFO] [org.jeecgframework.web.cgform.service.impl.config.util.DbTableProcess:269] getColumnMetadataFormCgForm ---->COLUMN_NAME:bpp_accessory TYPE_NAME:string DECIMAL_DIGITS:0 COLUMN_SIZE:32
[2019-08-10 16:30:17] [INFO] [org.jeecgframework.web.cgform.service.impl.config.util.DbTableProcess:269] getColumnMetadataFormCgForm ---->COLUMN_NAME:create_name TYPE_NAME:string DECIMAL_DIGITS:0 COLUMN_SIZE:50
[2019-08-10 16:30:17] [INFO] [org.jeecgframework.web.cgform.service.impl.config.util.DbTableProcess:269] getColumnMetadataFormCgForm ---->COLUMN_NAME:create_by TYPE_NAME:string DECIMAL_DIGITS:0 COLUMN_SIZE:50
[2019-08-10 16:30:17] [INFO] [org.jeecgframework.web.cgform.service.impl.config.util.DbTableProcess:269] getColumnMetadataFormCgForm ---->COLUMN_NAME:create_date TYPE_NAME:date DECIMAL_DIGITS:0 COLUMN_SIZE:0
[2019-08-10 16:30:17] [INFO] [org.jeecgframework.web.cgform.service.impl.config.util.DbTableProcess:269] getColumnMetadataFormCgForm ---->COLUMN_NAME:update_name TYPE_NAME:string DECIMAL_DIGITS:0 COLUMN_SIZE:50
[2019-08-10 16:30:17] [INFO] [org.jeecgframework.web.cgform.service.impl.config.util.DbTableProcess:269] getColumnMetadataFormCgForm ---->COLUMN_NAME:update_by TYPE_NAME:string DECIMAL_DIGITS:0 COLUMN_SIZE:50
[2019-08-10 16:30:17] [INFO] [org.jeecgframework.web.cgform.service.impl.config.util.DbTableProcess:269] getColumnMetadataFormCgForm ---->COLUMN_NAME:update_date TYPE_NAME:date DECIMAL_DIGITS:0 COLUMN_SIZE:0
[2019-08-10 16:30:17] [INFO] [org.jeecgframework.web.cgform.service.impl.config.util.DbTableProcess:269] getColumnMetadataFormCgForm ---->COLUMN_NAME:sys_org_code TYPE_NAME:string DECIMAL_DIGITS:0 COLUMN_SIZE:50
[2019-08-10 16:30:17] [INFO] [org.jeecgframework.web.cgform.service.impl.config.util.DbTableProcess:269] getColumnMetadataFormCgForm ---->COLUMN_NAME:sys_company_code TYPE_NAME:string DECIMAL_DIGITS:0 COLUMN_SIZE:50
[2019-08-10 16:30:17] [INFO] [org.jeecgframework.web.cgform.service.impl.config.util.DbTableProcess:269] getColumnMetadataFormCgForm ---->COLUMN_NAME:bpm_status TYPE_NAME:string DECIMAL_DIGITS:0 COLUMN_SIZE:32
[2019-08-10 16:30:17] [INFO] [org.jeecgframework.web.cgform.service.impl.config.util.DbTableProcess:144] [alter table  bus_po_pay  ADD COLUMN bpp_money decimal(32,0) NULL COMMENT '付款金额' ;, ]
[2019-08-10 16:30:18] [INFO] [org.jeecgframework.web.cgform.controller.config.CgFormHeadController:295] [本地][online表单配置同步数据库]同步成功表名：bus_po_pay
[2019-08-10 17:04:36] [INFO] [org.jeecgframework.web.system.controller.core.LoginController:122] Username:admin ,验证码: noys 错误!
[2019-08-10 17:04:40] [INFO] [org.jeecgframework.web.system.controller.core.LoginController:122] Username:admin ,验证码: 3giy 错误!
[2019-08-10 17:04:45] [INFO] [org.jeecgframework.web.system.controller.core.LoginController:223]  >>>>>>>>>>>>>>>>>>>>>>>>>>  Login 用户登录成功，初始化Main首页用户信息  （Main 首页加载逻辑）  >>>>>>>>>>>>>>>>>>>>>>>>>>>>>>>>> 
[2019-08-10 17:04:45] [INFO] [org.jeecgframework.web.system.controller.core.LoginController:264] login 资源路径returnURL：null
[2019-08-10 17:04:45] [INFO] [com.jeecg.chat.web.ImController:318] --通过流的方式获取文件异常--D:\upFiles\upload\files\20180715\qq_1531625977907.jpg (系统找不到指定的路径。)
[2019-08-10 17:04:45] [INFO] [com.jeecg.chat.web.ImController:318] --通过流的方式获取文件异常--D:\upFiles\20170502\4afbfbedab64034f9015f1bca8c379310b551dab.jpg (系统找不到指定的路径。)
[2019-08-10 17:07:46] [INFO] [org.jeecgframework.web.cgform.controller.build.CgFormBuildController:268] ============================填值规则开始时间:2019-08-10 17:07:46==============================
[2019-08-10 17:07:46] [INFO] [org.jeecgframework.web.cgform.controller.build.CgFormBuildController:293] ================================填值规则结束时间:2019-08-10 17:07:46==============================
[2019-08-10 17:07:46] [INFO] [org.jeecgframework.web.cgform.controller.build.CgFormBuildController:294] ================================填值规则耗时:0ms==============================
[2019-08-10 17:23:01] [INFO] [com.action.actsale.controller.BusContractController:146] -- 合同完成状态（0制作中，1已审核） --0
[2019-08-10 17:23:01] [INFO] [com.action.actsale.controller.BusContractController:146] -- 合同完成状态（0制作中，1已审核） --1
[2019-08-10 17:31:11] [ERROR] [com.alibaba.druid.pool.DruidDataSource:2664] abandon connection, owner thread: http-8080-7, connected at : 1565425817920, open stackTrace
	at java.lang.Thread.getStackTrace(Thread.java:1589)
	at com.alibaba.druid.pool.DruidDataSource.getConnectionDirect(DruidDataSource.java:1311)
	at com.alibaba.druid.filter.FilterChainImpl.dataSource_connect(FilterChainImpl.java:4619)
	at com.alibaba.druid.filter.stat.StatFilter.dataSource_getConnection(StatFilter.java:680)
	at com.alibaba.druid.filter.FilterChainImpl.dataSource_connect(FilterChainImpl.java:4615)
	at com.alibaba.druid.pool.DruidDataSource.getConnection(DruidDataSource.java:1231)
	at com.alibaba.druid.pool.DruidDataSource.getConnection(DruidDataSource.java:1223)
	at com.alibaba.druid.pool.DruidDataSource.getConnection(DruidDataSource.java:90)
	at org.springframework.jdbc.datasource.lookup.AbstractRoutingDataSource.getConnection(AbstractRoutingDataSource.java:164)
	at org.jeecgframework.web.cgform.service.impl.config.util.DbTableProcess.getColumnMetadataFormDataBase(DbTableProcess.java:198)
	at org.jeecgframework.web.cgform.service.impl.config.util.DbTableProcess.updateTable(DbTableProcess.java:78)
	at org.jeecgframework.web.cgform.service.impl.config.CgFormFieldServiceImpl.dbSynch(CgFormFieldServiceImpl.java:226)
	at sun.reflect.NativeMethodAccessorImpl.invoke0(Native Method)
	at sun.reflect.NativeMethodAccessorImpl.invoke(NativeMethodAccessorImpl.java:57)
	at sun.reflect.DelegatingMethodAccessorImpl.invoke(DelegatingMethodAccessorImpl.java:43)
	at java.lang.reflect.Method.invoke(Method.java:606)
	at org.springframework.aop.support.AopUtils.invokeJoinpointUsingReflection(AopUtils.java:317)
	at org.springframework.aop.framework.ReflectiveMethodInvocation.invokeJoinpoint(ReflectiveMethodInvocation.java:190)
	at org.springframework.aop.framework.ReflectiveMethodInvocation.proceed(ReflectiveMethodInvocation.java:157)
	at org.springframework.transaction.interceptor.TransactionInterceptor$1.proceedWithInvocation(TransactionInterceptor.java:98)
	at org.springframework.transaction.interceptor.TransactionAspectSupport.invokeWithinTransaction(TransactionAspectSupport.java:262)
	at org.springframework.transaction.interceptor.TransactionInterceptor.invoke(TransactionInterceptor.java:95)
	at org.springframework.aop.framework.ReflectiveMethodInvocation.proceed(ReflectiveMethodInvocation.java:179)
	at org.springframework.aop.framework.JdkDynamicAopProxy.invoke(JdkDynamicAopProxy.java:207)
	at com.sun.proxy.$Proxy124.dbSynch(Unknown Source)
	at org.jeecgframework.web.cgform.controller.config.CgFormHeadController.doDbSynch(CgFormHeadController.java:281)
	at sun.reflect.NativeMethodAccessorImpl.invoke0(Native Method)
	at sun.reflect.NativeMethodAccessorImpl.invoke(NativeMethodAccessorImpl.java:57)
	at sun.reflect.DelegatingMethodAccessorImpl.invoke(DelegatingMethodAccessorImpl.java:43)
	at java.lang.reflect.Method.invoke(Method.java:606)
	at org.springframework.web.method.support.InvocableHandlerMethod.doInvoke(InvocableHandlerMethod.java:221)
	at org.springframework.web.method.support.InvocableHandlerMethod.invokeForRequest(InvocableHandlerMethod.java:137)
	at org.springframework.web.servlet.mvc.method.annotation.ServletInvocableHandlerMethod.invokeAndHandle(ServletInvocableHandlerMethod.java:104)
	at org.springframework.web.servlet.mvc.method.annotation.RequestMappingHandlerAdapter.invokeHandleMethod(RequestMappingHandlerAdapter.java:747)
	at org.springframework.web.servlet.mvc.method.annotation.RequestMappingHandlerAdapter.handleInternal(RequestMappingHandlerAdapter.java:676)
	at org.springframework.web.servlet.mvc.method.AbstractHandlerMethodAdapter.handle(AbstractHandlerMethodAdapter.java:85)
	at org.springframework.web.servlet.DispatcherServlet.doDispatch(DispatcherServlet.java:938)
	at org.springframework.web.servlet.DispatcherServlet.doService(DispatcherServlet.java:870)
	at org.springframework.web.servlet.FrameworkServlet.processRequest(FrameworkServlet.java:961)
	at org.springframework.web.servlet.FrameworkServlet.doPost(FrameworkServlet.java:863)
	at javax.servlet.http.HttpServlet.service(HttpServlet.java:637)
	at org.springframework.web.servlet.FrameworkServlet.service(FrameworkServlet.java:837)
	at javax.servlet.http.HttpServlet.service(HttpServlet.java:717)
	at org.apache.catalina.core.ApplicationFilterChain.internalDoFilter(ApplicationFilterChain.java:290)
	at org.apache.catalina.core.ApplicationFilterChain.doFilter(ApplicationFilterChain.java:206)
	at com.alibaba.druid.support.http.WebStatFilter.doFilter(WebStatFilter.java:123)
	at org.apache.catalina.core.ApplicationFilterChain.internalDoFilter(ApplicationFilterChain.java:235)
	at org.apache.catalina.core.ApplicationFilterChain.doFilter(ApplicationFilterChain.java:206)
	at org.jeecgframework.core.aop.GZipFilter.doFilter(GZipFilter.java:114)
	at org.apache.catalina.core.ApplicationFilterChain.internalDoFilter(ApplicationFilterChain.java:235)
	at org.apache.catalina.core.ApplicationFilterChain.doFilter(ApplicationFilterChain.java:206)
	at org.springframework.web.filter.CharacterEncodingFilter.doFilterInternal(CharacterEncodingFilter.java:88)
	at org.springframework.web.filter.OncePerRequestFilter.doFilter(OncePerRequestFilter.java:107)
	at org.apache.catalina.core.ApplicationFilterChain.internalDoFilter(ApplicationFilterChain.java:235)
	at org.apache.catalina.core.ApplicationFilterChain.doFilter(ApplicationFilterChain.java:206)
	at org.springframework.orm.hibernate4.support.OpenSessionInViewFilter.doFilterInternal(OpenSessionInViewFilter.java:150)
	at org.springframework.web.filter.OncePerRequestFilter.doFilter(OncePerRequestFilter.java:107)
	at org.apache.catalina.core.ApplicationFilterChain.internalDoFilter(ApplicationFilterChain.java:235)
	at org.apache.catalina.core.ApplicationFilterChain.doFilter(ApplicationFilterChain.java:206)
	at org.apache.catalina.core.StandardWrapperValve.invoke(StandardWrapperValve.java:233)
	at org.apache.catalina.core.StandardContextValve.invoke(StandardContextValve.java:191)
	at org.apache.catalina.core.StandardHostValve.invoke(StandardHostValve.java:127)
	at org.apache.catalina.valves.ErrorReportValve.invoke(ErrorReportValve.java:102)
	at org.apache.catalina.core.StandardEngineValve.invoke(StandardEngineValve.java:109)
	at org.apache.catalina.connector.CoyoteAdapter.service(CoyoteAdapter.java:298)
	at org.apache.coyote.http11.Http11Processor.process(Http11Processor.java:857)
	at org.apache.coyote.http11.Http11Protocol$Http11ConnectionHandler.process(Http11Protocol.java:588)
	at org.apache.tomcat.util.net.JIoEndpoint$Worker.run(JIoEndpoint.java:489)
	at java.lang.Thread.run(Thread.java:745)
ownerThread current state is WAITING, current stackTrace
	at java.lang.Object.wait(Native Method)
	at java.lang.Object.wait(Object.java:503)
	at org.apache.tomcat.util.net.JIoEndpoint$Worker.await(JIoEndpoint.java:458)
	at org.apache.tomcat.util.net.JIoEndpoint$Worker.run(JIoEndpoint.java:484)
	at java.lang.Thread.run(Thread.java:745)

[2019-08-10 17:31:38] [ERROR] [org.jeecgframework.core.common.exception.GlobalExceptionResolver:86] 全局处理异常捕获:
java.lang.NullPointerException
	at org.jeecgframework.core.common.dao.impl.CommonDao.viewOrDownloadFile(CommonDao.java:338)
	at org.jeecgframework.core.common.service.impl.CommonServiceImpl.viewOrDownloadFile(CommonServiceImpl.java:330)
	at sun.reflect.NativeMethodAccessorImpl.invoke0(Native Method)
	at sun.reflect.NativeMethodAccessorImpl.invoke(NativeMethodAccessorImpl.java:57)
	at sun.reflect.DelegatingMethodAccessorImpl.invoke(DelegatingMethodAccessorImpl.java:43)
	at java.lang.reflect.Method.invoke(Method.java:606)
	at org.springframework.aop.support.AopUtils.invokeJoinpointUsingReflection(AopUtils.java:317)
	at org.springframework.aop.framework.ReflectiveMethodInvocation.invokeJoinpoint(ReflectiveMethodInvocation.java:190)
	at org.springframework.aop.framework.ReflectiveMethodInvocation.proceed(ReflectiveMethodInvocation.java:157)
	at org.springframework.transaction.interceptor.TransactionInterceptor$1.proceedWithInvocation(TransactionInterceptor.java:98)
	at org.springframework.transaction.interceptor.TransactionAspectSupport.invokeWithinTransaction(TransactionAspectSupport.java:262)
	at org.springframework.transaction.interceptor.TransactionInterceptor.invoke(TransactionInterceptor.java:95)
	at org.springframework.aop.framework.ReflectiveMethodInvocation.proceed(ReflectiveMethodInvocation.java:179)
	at org.springframework.aop.framework.JdkDynamicAopProxy.invoke(JdkDynamicAopProxy.java:207)
	at com.sun.proxy.$Proxy126.viewOrDownloadFile(Unknown Source)
	at org.jeecgframework.web.system.controller.core.CommonController.viewFile(CommonController.java:149)
	at sun.reflect.NativeMethodAccessorImpl.invoke0(Native Method)
	at sun.reflect.NativeMethodAccessorImpl.invoke(NativeMethodAccessorImpl.java:57)
	at sun.reflect.DelegatingMethodAccessorImpl.invoke(DelegatingMethodAccessorImpl.java:43)
	at java.lang.reflect.Method.invoke(Method.java:606)
	at org.springframework.web.method.support.InvocableHandlerMethod.doInvoke(InvocableHandlerMethod.java:221)
	at org.springframework.web.method.support.InvocableHandlerMethod.invokeForRequest(InvocableHandlerMethod.java:137)
	at org.springframework.web.servlet.mvc.method.annotation.ServletInvocableHandlerMethod.invokeAndHandle(ServletInvocableHandlerMethod.java:104)
	at org.springframework.web.servlet.mvc.method.annotation.RequestMappingHandlerAdapter.invokeHandleMethod(RequestMappingHandlerAdapter.java:747)
	at org.springframework.web.servlet.mvc.method.annotation.RequestMappingHandlerAdapter.handleInternal(RequestMappingHandlerAdapter.java:676)
	at org.springframework.web.servlet.mvc.method.AbstractHandlerMethodAdapter.handle(AbstractHandlerMethodAdapter.java:85)
	at org.springframework.web.servlet.DispatcherServlet.doDispatch(DispatcherServlet.java:938)
	at org.springframework.web.servlet.DispatcherServlet.doService(DispatcherServlet.java:870)
	at org.springframework.web.servlet.FrameworkServlet.processRequest(FrameworkServlet.java:961)
	at org.springframework.web.servlet.FrameworkServlet.doGet(FrameworkServlet.java:852)
	at javax.servlet.http.HttpServlet.service(HttpServlet.java:617)
	at org.springframework.web.servlet.FrameworkServlet.service(FrameworkServlet.java:837)
	at javax.servlet.http.HttpServlet.service(HttpServlet.java:717)
	at org.apache.catalina.core.ApplicationFilterChain.internalDoFilter(ApplicationFilterChain.java:290)
	at org.apache.catalina.core.ApplicationFilterChain.doFilter(ApplicationFilterChain.java:206)
	at com.alibaba.druid.support.http.WebStatFilter.doFilter(WebStatFilter.java:123)
	at org.apache.catalina.core.ApplicationFilterChain.internalDoFilter(ApplicationFilterChain.java:235)
	at org.apache.catalina.core.ApplicationFilterChain.doFilter(ApplicationFilterChain.java:206)
	at org.jeecgframework.core.aop.GZipFilter.doFilter(GZipFilter.java:114)
	at org.apache.catalina.core.ApplicationFilterChain.internalDoFilter(ApplicationFilterChain.java:235)
	at org.apache.catalina.core.ApplicationFilterChain.doFilter(ApplicationFilterChain.java:206)
	at org.springframework.web.filter.CharacterEncodingFilter.doFilterInternal(CharacterEncodingFilter.java:88)
	at org.springframework.web.filter.OncePerRequestFilter.doFilter(OncePerRequestFilter.java:107)
	at org.apache.catalina.core.ApplicationFilterChain.internalDoFilter(ApplicationFilterChain.java:235)
	at org.apache.catalina.core.ApplicationFilterChain.doFilter(ApplicationFilterChain.java:206)
	at org.springframework.orm.hibernate4.support.OpenSessionInViewFilter.doFilterInternal(OpenSessionInViewFilter.java:150)
	at org.springframework.web.filter.OncePerRequestFilter.doFilter(OncePerRequestFilter.java:107)
	at org.apache.catalina.core.ApplicationFilterChain.internalDoFilter(ApplicationFilterChain.java:235)
	at org.apache.catalina.core.ApplicationFilterChain.doFilter(ApplicationFilterChain.java:206)
	at org.apache.catalina.core.StandardWrapperValve.invoke(StandardWrapperValve.java:233)
	at org.apache.catalina.core.StandardContextValve.invoke(StandardContextValve.java:191)
	at org.apache.catalina.core.StandardHostValve.invoke(StandardHostValve.java:127)
	at org.apache.catalina.valves.ErrorReportValve.invoke(ErrorReportValve.java:102)
	at org.apache.catalina.core.StandardEngineValve.invoke(StandardEngineValve.java:109)
	at org.apache.catalina.connector.CoyoteAdapter.service(CoyoteAdapter.java:298)
	at org.apache.coyote.http11.Http11Processor.process(Http11Processor.java:857)
	at org.apache.coyote.http11.Http11Protocol$Http11ConnectionHandler.process(Http11Protocol.java:588)
	at org.apache.tomcat.util.net.JIoEndpoint$Worker.run(JIoEndpoint.java:489)
	at java.lang.Thread.run(Thread.java:745)
[2019-08-10 17:32:26] [INFO] [com.action.actsale.controller.BusContractController:146] -- 合同完成状态（0制作中，1已审核） --0
[2019-08-10 17:32:26] [INFO] [org.jeecgframework.web.cgform.controller.upload.CgUploadController:90] -- cgUploadEntity 智能表单文件上传实体 --
[2019-08-10 17:32:26] [INFO] [org.jeecgframework.web.cgform.controller.upload.CgUploadController:97] --cgUploadController--saveFiles--上传文件-----{id:2c94b32c6c4c8b0e016c4c94a0600009}  {tableName：bus_contract}  {cgField:BC_CONTRACT_FILE}
[2019-08-10 17:32:26] [INFO] [org.jeecgframework.core.extend.swftools.OpenOfficePDFConverter:64] office转换服务启动失败!详细信息:java.lang.IllegalArgumentException: officeHome must exist and be a directory
[2019-08-10 17:32:26] [INFO] [org.jeecgframework.core.extend.swftools.OpenOfficePDFConverter:29] 进行文档转换转换:G:\software\git\hzaction\hzaction-master\src\main\webapp\/upload/files/20190810173226dOZMzOmx.xls --> G:\software\git\hzaction\hzaction-master\src\main\webapp\/upload/files/20190810173226dOZMzOmx.pdf
[2019-08-10 17:32:26] [INFO] [org.jeecgframework.core.extend.swftools.OpenOfficePDFConverter:35] 
[2019-08-10 17:32:26] [INFO] [org.jeecgframework.core.extend.swftools.OpenOfficePDFConverter:69] 关闭office转换服务....
[2019-08-10 17:32:26] [INFO] [org.jeecgframework.core.extend.swftools.OpenOfficePDFConverter:73] 关闭office转换成功!
[2019-08-10 17:32:26] [INFO] [org.jeecgframework.core.extend.swftools.OpenOfficePDFConverter:39] 进行文档转换转换---- 结束----
[2019-08-10 17:32:26] [INFO] [org.jeecgframework.core.util.LogUtil:228] [org.jeecgframework.core.extend.swftools.SWFToolsSWFConverter:convert2SWF():29] - PDF文件不存在！
[2019-08-10 17:32:26] [INFO] [org.jeecgframework.web.cgform.controller.upload.CgUploadController:112] --cgUploadController--saveFiles--上传文件----数据库保存转换成功-----
[2019-08-10 17:32:26] [INFO] [org.jeecgframework.web.cgform.controller.upload.CgUploadController:117] --cgUploadController--saveFiles--上传文件----回写业务数据表字段文件路径-----
[2019-08-10 17:32:26] [INFO] [org.jeecgframework.web.cgform.controller.upload.CgUploadController:126] --cgUploadController--saveFiles--上传文件----操作成功-----
[2019-08-10 17:32:26] [INFO] [org.jeecgframework.web.cgform.controller.upload.CgUploadController:140] ID:4028aa816c7aa39a016c7adf3dbb0006,附件分类:1,业务外键:2c94b32c6c4c8b0e016c4c94a0600009,文件路径:upload/files/20190810173226dOZMzOmx.xls,文件名称:合同管理.xls
[2019-08-10 17:32:26] [INFO] [org.jeecgframework.web.cgform.controller.upload.CgUploadController:143] ----bas_attach_file--saveFiles--上传合同电子档的信息保存到数据库----操作成功----【WMT】
[2019-08-10 17:32:26] [INFO] [com.action.actsale.controller.BusContractController:146] -- 合同完成状态（0制作中，1已审核） --0
[2019-08-10 17:32:30] [INFO] [org.jeecgframework.core.util.LogUtil:228] [org.jeecgframework.core.util.FileUtils:delete():171] - --------成功删除文件---------G:\software\git\hzaction\hzaction-master\src\main\webapp\upload/files/20190810173226dOZMzOmx.xls
[2019-08-10 17:32:30] [INFO] [org.jeecgframework.core.util.LogUtil:228] [org.jeecgframework.core.util.FileUtils:delete():167] - 错误: G:\software\git\hzaction\hzaction-master\src\main\webapp\upload/files/20190810173226dOZMzOmx.pdf不存在!
[2019-08-10 17:32:30] [INFO] [org.jeecgframework.core.util.LogUtil:228] [org.jeecgframework.core.util.FileUtils:delete():167] - 错误: G:\software\git\hzaction\hzaction-master\src\main\webapp\upload/files/20190810173226dOZMzOmx.swf不存在!
[2019-08-10 17:32:30] [INFO] [org.jeecgframework.web.cgform.controller.upload.CgUploadController:202] =======删除附件文件ID为:4028aa816c7aa39a016c7adf3dbb0006的数据信息=====删除成功======
[2019-08-10 17:32:33] [INFO] [com.action.actsale.controller.BusContractController:146] -- 合同完成状态（0制作中，1已审核） --0
[2019-08-10 17:49:26] [INFO] [com.action.actsale.controller.BusContractController:146] -- 合同完成状态（0制作中，1已审核） --0
[2019-08-10 17:49:26] [INFO] [com.action.actsale.controller.BusContractController:146] -- 合同完成状态（0制作中，1已审核） --1
[2019-08-10 17:49:48] [INFO] [org.jeecgframework.core.util.LogUtil:228] [org.jeecgframework.core.util.FileUtils:delete():167] - 错误: G:\software\git\hzaction\hzaction-master\src\main\webapp\upload/files/201908071536210frrh1Df.xls不存在!
[2019-08-10 17:49:48] [INFO] [org.jeecgframework.core.util.LogUtil:228] [org.jeecgframework.core.util.FileUtils:delete():167] - 错误: G:\software\git\hzaction\hzaction-master\src\main\webapp\upload/files/201908071536210frrh1Df.pdf不存在!
[2019-08-10 17:49:48] [INFO] [org.jeecgframework.core.util.LogUtil:228] [org.jeecgframework.core.util.FileUtils:delete():167] - 错误: G:\software\git\hzaction\hzaction-master\src\main\webapp\upload/files/201908071536210frrh1Df.swf不存在!
[2019-08-10 17:49:48] [INFO] [org.jeecgframework.web.cgform.controller.upload.CgUploadController:202] =======删除附件文件ID为:4028aa816c6b011f016c6b01e3580003的数据信息=====删除成功======
[2019-08-10 17:49:49] [INFO] [com.action.actsale.controller.BusContractController:146] -- 合同完成状态（0制作中，1已审核） --0
[2019-08-10 17:50:03] [INFO] [org.jeecgframework.web.cgform.controller.upload.CgUploadController:90] -- cgUploadEntity 智能表单文件上传实体 --
[2019-08-10 17:50:03] [INFO] [org.jeecgframework.web.cgform.controller.upload.CgUploadController:97] --cgUploadController--saveFiles--上传文件-----{id:2c94b32c6c4c8b0e016c4c94a0600009}  {tableName：bus_contract}  {cgField:BC_CONTRACT_FILE}
[2019-08-10 17:50:03] [INFO] [com.action.actsale.controller.BusContractController:146] -- 合同完成状态（0制作中，1已审核） --0
[2019-08-10 17:50:03] [INFO] [org.jeecgframework.core.extend.swftools.OpenOfficePDFConverter:64] office转换服务启动失败!详细信息:java.lang.IllegalArgumentException: officeHome must exist and be a directory
[2019-08-10 17:50:03] [INFO] [org.jeecgframework.core.extend.swftools.OpenOfficePDFConverter:29] 进行文档转换转换:G:\software\git\hzaction\hzaction-master\src\main\webapp\/upload/files/20190810175003IRs6J17v.docx --> G:\software\git\hzaction\hzaction-master\src\main\webapp\/upload/files/20190810175003IRs6J17v.pdf
[2019-08-10 17:50:03] [INFO] [org.jeecgframework.core.extend.swftools.OpenOfficePDFConverter:35] 
[2019-08-10 17:50:03] [INFO] [org.jeecgframework.core.extend.swftools.OpenOfficePDFConverter:69] 关闭office转换服务....
[2019-08-10 17:50:03] [INFO] [org.jeecgframework.core.extend.swftools.OpenOfficePDFConverter:73] 关闭office转换成功!
[2019-08-10 17:50:03] [INFO] [org.jeecgframework.core.extend.swftools.OpenOfficePDFConverter:39] 进行文档转换转换---- 结束----
[2019-08-10 17:50:03] [INFO] [org.jeecgframework.core.util.LogUtil:228] [org.jeecgframework.core.extend.swftools.SWFToolsSWFConverter:convert2SWF():29] - PDF文件不存在！
[2019-08-10 17:50:03] [INFO] [org.jeecgframework.web.cgform.controller.upload.CgUploadController:112] --cgUploadController--saveFiles--上传文件----数据库保存转换成功-----
[2019-08-10 17:50:03] [INFO] [org.jeecgframework.web.cgform.controller.upload.CgUploadController:117] --cgUploadController--saveFiles--上传文件----回写业务数据表字段文件路径-----
[2019-08-10 17:50:03] [INFO] [org.jeecgframework.web.cgform.controller.upload.CgUploadController:126] --cgUploadController--saveFiles--上传文件----操作成功-----
[2019-08-10 17:50:03] [INFO] [org.jeecgframework.web.cgform.controller.upload.CgUploadController:140] ID:4028aa816c7aa39a016c7aef5dfb000c,附件分类:1,业务外键:2c94b32c6c4c8b0e016c4c94a0600009,文件路径:upload/files/20190810175003IRs6J17v.docx,文件名称:附件文件.docx
[2019-08-10 17:50:03] [INFO] [org.jeecgframework.web.cgform.controller.upload.CgUploadController:143] ----bas_attach_file--saveFiles--上传合同电子档的信息保存到数据库----操作成功----【WMT】
[2019-08-10 17:50:03] [INFO] [com.action.actsale.controller.BusContractController:146] -- 合同完成状态（0制作中，1已审核） --0
[2019-08-10 17:50:19] [INFO] [org.jeecgframework.web.cgform.controller.upload.CgUploadController:90] -- cgUploadEntity 智能表单文件上传实体 --
[2019-08-10 17:50:19] [INFO] [org.jeecgframework.web.cgform.controller.upload.CgUploadController:97] --cgUploadController--saveFiles--上传文件-----{id:2c94b32c6c4c8b0e016c4c94a0600009}  {tableName：bus_contract}  {cgField:BC_CONTRACT_FILE}
[2019-08-10 17:50:19] [INFO] [com.action.actsale.controller.BusContractController:146] -- 合同完成状态（0制作中，1已审核） --0
[2019-08-10 17:50:19] [INFO] [org.jeecgframework.core.extend.swftools.OpenOfficePDFConverter:64] office转换服务启动失败!详细信息:java.lang.IllegalArgumentException: officeHome must exist and be a directory
[2019-08-10 17:50:19] [INFO] [org.jeecgframework.core.extend.swftools.OpenOfficePDFConverter:29] 进行文档转换转换:G:\software\git\hzaction\hzaction-master\src\main\webapp\/upload/files/20190810175019A2FkBkS7.docx --> G:\software\git\hzaction\hzaction-master\src\main\webapp\/upload/files/20190810175019A2FkBkS7.pdf
[2019-08-10 17:50:19] [INFO] [org.jeecgframework.core.extend.swftools.OpenOfficePDFConverter:35] 
[2019-08-10 17:50:19] [INFO] [org.jeecgframework.core.extend.swftools.OpenOfficePDFConverter:69] 关闭office转换服务....
[2019-08-10 17:50:19] [INFO] [org.jeecgframework.core.extend.swftools.OpenOfficePDFConverter:73] 关闭office转换成功!
[2019-08-10 17:50:19] [INFO] [org.jeecgframework.core.extend.swftools.OpenOfficePDFConverter:39] 进行文档转换转换---- 结束----
[2019-08-10 17:50:19] [INFO] [org.jeecgframework.core.util.LogUtil:228] [org.jeecgframework.core.extend.swftools.SWFToolsSWFConverter:convert2SWF():29] - PDF文件不存在！
[2019-08-10 17:50:19] [INFO] [org.jeecgframework.web.cgform.controller.upload.CgUploadController:112] --cgUploadController--saveFiles--上传文件----数据库保存转换成功-----
[2019-08-10 17:50:19] [INFO] [org.jeecgframework.web.cgform.controller.upload.CgUploadController:117] --cgUploadController--saveFiles--上传文件----回写业务数据表字段文件路径-----
[2019-08-10 17:50:19] [INFO] [org.jeecgframework.web.cgform.controller.upload.CgUploadController:126] --cgUploadController--saveFiles--上传文件----操作成功-----
[2019-08-10 17:50:19] [INFO] [org.jeecgframework.web.cgform.controller.upload.CgUploadController:140] ID:4028aa816c7aa39a016c7aef9cf5000e,附件分类:1,业务外键:2c94b32c6c4c8b0e016c4c94a0600009,文件路径:upload/files/20190810175019A2FkBkS7.docx,文件名称:附件文件 - 副本.docx
[2019-08-10 17:50:19] [INFO] [org.jeecgframework.web.cgform.controller.upload.CgUploadController:143] ----bas_attach_file--saveFiles--上传合同电子档的信息保存到数据库----操作成功----【WMT】
[2019-08-10 17:50:19] [INFO] [com.action.actsale.controller.BusContractController:146] -- 合同完成状态（0制作中，1已审核） --0
[2019-08-10 17:50:23] [INFO] [org.jeecgframework.core.util.LogUtil:228] [org.jeecgframework.core.util.FileUtils:delete():171] - --------成功删除文件---------G:\software\git\hzaction\hzaction-master\src\main\webapp\upload/files/20190810175019A2FkBkS7.docx
[2019-08-10 17:50:23] [INFO] [org.jeecgframework.core.util.LogUtil:228] [org.jeecgframework.core.util.FileUtils:delete():167] - 错误: G:\software\git\hzaction\hzaction-master\src\main\webapp\upload/files/20190810175019A2FkBkS7.pdf不存在!
[2019-08-10 17:50:23] [INFO] [org.jeecgframework.core.util.LogUtil:228] [org.jeecgframework.core.util.FileUtils:delete():167] - 错误: G:\software\git\hzaction\hzaction-master\src\main\webapp\upload/files/20190810175019A2FkBkS7.swf不存在!
[2019-08-10 17:50:23] [INFO] [org.jeecgframework.web.cgform.controller.upload.CgUploadController:202] =======删除附件文件ID为:4028aa816c7aa39a016c7aef9cf5000e的数据信息=====删除成功======
[2019-08-10 17:50:26] [INFO] [com.action.actsale.controller.BusContractController:146] -- 合同完成状态（0制作中，1已审核） --0
[2019-08-10 18:03:16] [INFO] [org.jeecgframework.core.util.LogUtil:228] [org.jeecgframework.core.util.FileUtils:delete():171] - --------成功删除文件---------G:\software\git\hzaction\hzaction-master\src\main\webapp\upload/files/20190810175003IRs6J17v.docx
[2019-08-10 18:03:16] [INFO] [org.jeecgframework.core.util.LogUtil:228] [org.jeecgframework.core.util.FileUtils:delete():167] - 错误: G:\software\git\hzaction\hzaction-master\src\main\webapp\upload/files/20190810175003IRs6J17v.pdf不存在!
[2019-08-10 18:03:16] [INFO] [org.jeecgframework.core.util.LogUtil:228] [org.jeecgframework.core.util.FileUtils:delete():167] - 错误: G:\software\git\hzaction\hzaction-master\src\main\webapp\upload/files/20190810175003IRs6J17v.swf不存在!
[2019-08-10 18:03:16] [INFO] [org.jeecgframework.web.cgform.controller.upload.CgUploadController:202] =======删除附件文件ID为:4028aa816c7aa39a016c7aef5dfb000c的数据信息=====删除成功======
[2019-08-10 18:03:28] [INFO] [com.action.actsale.controller.BusContractController:146] -- 合同完成状态（0制作中，1已审核） --0
[2019-08-10 21:01:49] [INFO] [org.jeecgframework.minidao.factory.MiniDaoClassPathMapperScanner:48] register minidao name is { org.jeecgframework.web.cgdynamgraph.dao.core.CgDynamGraphDao }
[2019-08-10 21:01:49] [INFO] [org.jeecgframework.minidao.factory.MiniDaoClassPathMapperScanner:48] register minidao name is { org.jeecgframework.web.cgform.dao.config.CgFormFieldDao }
[2019-08-10 21:01:49] [INFO] [org.jeecgframework.minidao.factory.MiniDaoClassPathMapperScanner:48] register minidao name is { org.jeecgframework.web.cgform.dao.config.CgFormVersionDao }
[2019-08-10 21:01:49] [INFO] [org.jeecgframework.minidao.factory.MiniDaoClassPathMapperScanner:48] register minidao name is { org.jeecgframework.web.cgform.dao.upload.CgFormUploadDao }
[2019-08-10 21:01:49] [INFO] [org.jeecgframework.minidao.factory.MiniDaoClassPathMapperScanner:48] register minidao name is { org.jeecgframework.web.cgreport.dao.core.CgReportDao }
[2019-08-10 21:01:49] [INFO] [org.jeecgframework.minidao.factory.MiniDaoClassPathMapperScanner:48] register minidao name is { org.jeecgframework.web.system.dao.DepartAuthGroupDao }
[2019-08-10 21:01:49] [INFO] [org.jeecgframework.minidao.factory.MiniDaoClassPathMapperScanner:48] register minidao name is { org.jeecgframework.web.system.dao.JeecgDictDao }
[2019-08-10 21:01:49] [INFO] [org.jeecgframework.minidao.factory.MiniDaoClassPathMapperScanner:48] register minidao name is { com.jeecg.demo.dao.JeecgMinidaoDao }
[2019-08-10 21:01:49] [INFO] [org.jeecgframework.minidao.factory.MiniDaoClassPathMapperScanner:48] register minidao name is { com.jeecg.core.biz.mutiLang.dao.P3MutiLangDao }
[2019-08-10 21:01:49] [INFO] [org.jeecgframework.minidao.factory.MiniDaoClassPathMapperScanner:48] register minidao name is { com.jeecg.core.biz.tag.select.dict.dao.TSTypeDao }
[2019-08-10 21:01:49] [INFO] [org.jeecgframework.minidao.factory.MiniDaoClassPathMapperScanner:48] register minidao name is { com.jeecg.core.biz.tag.select.table.dao.CustomTableDao }
[2019-08-10 21:01:49] [INFO] [org.jeecgframework.minidao.factory.MiniDaoClassPathMapperScanner:48] register minidao name is { com.jeecg.core.biz.dao.TSOperationDao }
[2019-08-10 21:01:49] [INFO] [org.jeecgframework.minidao.factory.MiniDaoClassPathMapperScanner:48] register minidao name is { com.jeecg.actInvite.dao.WxActInviteDao }
[2019-08-10 21:01:49] [INFO] [org.jeecgframework.minidao.factory.MiniDaoClassPathMapperScanner:48] register minidao name is { com.jeecg.auth.dao.JwSystemAuthDao }
[2019-08-10 21:01:49] [INFO] [org.jeecgframework.minidao.factory.MiniDaoClassPathMapperScanner:48] register minidao name is { com.jeecg.domo.order.dao.JpDemoOrderCustomDao }
[2019-08-10 21:01:49] [INFO] [org.jeecgframework.minidao.factory.MiniDaoClassPathMapperScanner:48] register minidao name is { com.jeecg.domo.order.dao.JpDemoOrderMainDao }
[2019-08-10 21:01:49] [INFO] [org.jeecgframework.minidao.factory.MiniDaoClassPathMapperScanner:48] register minidao name is { com.jeecg.domo.order.dao.JpDemoOrderProductDao }
[2019-08-10 21:01:49] [INFO] [org.jeecgframework.minidao.factory.MiniDaoClassPathMapperScanner:48] register minidao name is { com.jeecg.chat.dao.ChatMessageHistoryDao }
[2019-08-10 21:01:49] [INFO] [org.jeecgframework.minidao.factory.MiniDaoClassPathMapperScanner:48] register minidao name is { com.jeecg.chat.dao.ImDao }
[2019-08-10 21:01:49] [INFO] [org.jeecgframework.minidao.factory.MiniDaoClassPathMapperScanner:48] register minidao name is { com.jeecg.mail.dao.P3MailJformInnerMailAttachDao }
[2019-08-10 21:01:49] [INFO] [org.jeecgframework.minidao.factory.MiniDaoClassPathMapperScanner:48] register minidao name is { com.jeecg.mail.dao.P3MailJformInnerMailDao }
[2019-08-10 21:01:49] [INFO] [org.jeecgframework.minidao.factory.MiniDaoClassPathMapperScanner:48] register minidao name is { com.jeecg.mail.dao.P3MailJformInnerMailReceiverDao }
[2019-08-10 21:01:49] [INFO] [org.jeecgframework.minidao.factory.MiniDaoClassPathMapperScanner:48] register minidao name is { com.jeecg.mail.dao.P3MailTSBaseUserDao }
[2019-08-10 21:01:49] [INFO] [org.jeecgframework.minidao.factory.MiniDaoClassPathMapperScanner:48] register minidao name is { com.jeecg.mail.dao.P3MailTSUserDao }
[2019-08-10 21:01:49] [INFO] [org.jeecgframework.minidao.factory.MiniDaoClassPathMapperScanner:48] register minidao name is { com.action.actsale.dao.BusContractMiniDao }
[2019-08-10 21:01:50] [INFO] [com.alibaba.druid.pool.DruidDataSource:928] {dataSource-1} inited
[2019-08-10 21:01:52] [WARN] [org.hibernate.id.UUIDHexGenerator:59] HHH000409: Using org.hibernate.id.UUIDHexGenerator which does not generate IETF RFC 4122 compliant UUID values; consider using org.hibernate.id.UUIDGenerator instead
[2019-08-10 21:01:54] [WARN] [net.sf.ehcache.config.CacheConfiguration:698] Cache 'foreverCache' is set to eternal but also has TTI/TTL set.  To avoid this warning, clean up the config removing conflicting values of eternal, TTI and TTL. Effective configuration for Cache 'foreverCache' will be eternal='true', timeToIdleSeconds='0', timeToLiveSeconds='0'.
[2019-08-10 21:01:56] [INFO] [org.quartz.impl.StdSchedulerFactory:1208] Using default implementation for ThreadExecutor
[2019-08-10 21:01:56] [INFO] [org.quartz.core.SchedulerSignalerImpl:61] Initialized Scheduler Signaller of type: class org.quartz.core.SchedulerSignalerImpl
[2019-08-10 21:01:56] [INFO] [org.quartz.core.QuartzScheduler:229] Quartz Scheduler v.2.3.0 created.
[2019-08-10 21:01:56] [INFO] [org.quartz.simpl.RAMJobStore:155] RAMJobStore initialized.
[2019-08-10 21:01:56] [INFO] [org.quartz.core.QuartzScheduler:294] Scheduler meta-data: Quartz Scheduler (v2.3.0) 'schedulerFactory' with instanceId 'NON_CLUSTERED'
  Scheduler class: 'org.quartz.core.QuartzScheduler' - running locally.
  NOT STARTED.
  Currently in standby mode.
  Number of jobs executed: 0
  Using thread pool 'org.quartz.simpl.SimpleThreadPool' - with 10 threads.
  Using job-store 'org.quartz.simpl.RAMJobStore' - which does not support persistence. and is not clustered.

[2019-08-10 21:01:56] [INFO] [org.quartz.impl.StdSchedulerFactory:1362] Quartz scheduler 'schedulerFactory' initialized from an externally provided properties instance.
[2019-08-10 21:01:56] [INFO] [org.quartz.impl.StdSchedulerFactory:1366] Quartz scheduler version: 2.3.0
[2019-08-10 21:01:56] [INFO] [org.quartz.core.QuartzScheduler:2287] JobFactory set to: org.jeecgframework.web.system.sms.util.JQuartzJobFactory@75ccdaf6
[2019-08-10 21:01:57] [INFO] [org.jeecgframework.core.timer.DynamicTask:252]  register time task class num is [0] 
[2019-08-10 21:01:59] [INFO] [org.jeecgframework.core.timer.DataBaseSchedulerFactoryBean:648] Starting Quartz Scheduler now
[2019-08-10 21:01:59] [INFO] [org.quartz.core.QuartzScheduler:547] Scheduler schedulerFactory_$_NON_CLUSTERED started.
[2019-08-10 21:01:59] [INFO] [org.jeecgframework.web.system.service.impl.SystemServiceImpl:180]   ------ 初始化字典组 【系统缓存】-----------typeGroupsList-----size: [51]
[2019-08-10 21:01:59] [INFO] [org.jeecgframework.web.system.service.impl.SystemServiceImpl:181]   ------ 初始化字典 【系统缓存】-----------typesList-----size: [51]
[2019-08-10 21:02:00] [INFO] [org.jeecgframework.web.system.service.impl.MutiLangServiceImpl:43]   ------ 初始化国际化语言【系统缓存】  ------ size: [1219] 
[2019-08-10 21:02:00] [INFO] [org.jeecgframework.web.system.service.impl.DynamicDataSourceServiceImpl:41]   ------ 初始化动态数据源配置【系统缓存】---------size: [2] 
[2019-08-10 23:23:23] [INFO] [org.jeecgframework.minidao.factory.MiniDaoClassPathMapperScanner:48] register minidao name is { org.jeecgframework.web.cgdynamgraph.dao.core.CgDynamGraphDao }
[2019-08-10 23:23:23] [INFO] [org.jeecgframework.minidao.factory.MiniDaoClassPathMapperScanner:48] register minidao name is { org.jeecgframework.web.cgform.dao.config.CgFormFieldDao }
[2019-08-10 23:23:23] [INFO] [org.jeecgframework.minidao.factory.MiniDaoClassPathMapperScanner:48] register minidao name is { org.jeecgframework.web.cgform.dao.config.CgFormVersionDao }
[2019-08-10 23:23:23] [INFO] [org.jeecgframework.minidao.factory.MiniDaoClassPathMapperScanner:48] register minidao name is { org.jeecgframework.web.cgform.dao.upload.CgFormUploadDao }
[2019-08-10 23:23:23] [INFO] [org.jeecgframework.minidao.factory.MiniDaoClassPathMapperScanner:48] register minidao name is { org.jeecgframework.web.cgreport.dao.core.CgReportDao }
[2019-08-10 23:23:23] [INFO] [org.jeecgframework.minidao.factory.MiniDaoClassPathMapperScanner:48] register minidao name is { org.jeecgframework.web.system.dao.DepartAuthGroupDao }
[2019-08-10 23:23:23] [INFO] [org.jeecgframework.minidao.factory.MiniDaoClassPathMapperScanner:48] register minidao name is { org.jeecgframework.web.system.dao.JeecgDictDao }
[2019-08-10 23:23:23] [INFO] [org.jeecgframework.minidao.factory.MiniDaoClassPathMapperScanner:48] register minidao name is { com.jeecg.demo.dao.JeecgMinidaoDao }
[2019-08-10 23:23:23] [INFO] [org.jeecgframework.minidao.factory.MiniDaoClassPathMapperScanner:48] register minidao name is { com.jeecg.core.biz.mutiLang.dao.P3MutiLangDao }
[2019-08-10 23:23:23] [INFO] [org.jeecgframework.minidao.factory.MiniDaoClassPathMapperScanner:48] register minidao name is { com.jeecg.core.biz.tag.select.dict.dao.TSTypeDao }
[2019-08-10 23:23:23] [INFO] [org.jeecgframework.minidao.factory.MiniDaoClassPathMapperScanner:48] register minidao name is { com.jeecg.core.biz.tag.select.table.dao.CustomTableDao }
[2019-08-10 23:23:23] [INFO] [org.jeecgframework.minidao.factory.MiniDaoClassPathMapperScanner:48] register minidao name is { com.jeecg.core.biz.dao.TSOperationDao }
[2019-08-10 23:23:23] [INFO] [org.jeecgframework.minidao.factory.MiniDaoClassPathMapperScanner:48] register minidao name is { com.jeecg.actInvite.dao.WxActInviteDao }
[2019-08-10 23:23:23] [INFO] [org.jeecgframework.minidao.factory.MiniDaoClassPathMapperScanner:48] register minidao name is { com.jeecg.auth.dao.JwSystemAuthDao }
[2019-08-10 23:23:23] [INFO] [org.jeecgframework.minidao.factory.MiniDaoClassPathMapperScanner:48] register minidao name is { com.jeecg.domo.order.dao.JpDemoOrderCustomDao }
[2019-08-10 23:23:23] [INFO] [org.jeecgframework.minidao.factory.MiniDaoClassPathMapperScanner:48] register minidao name is { com.jeecg.domo.order.dao.JpDemoOrderMainDao }
[2019-08-10 23:23:23] [INFO] [org.jeecgframework.minidao.factory.MiniDaoClassPathMapperScanner:48] register minidao name is { com.jeecg.domo.order.dao.JpDemoOrderProductDao }
[2019-08-10 23:23:23] [INFO] [org.jeecgframework.minidao.factory.MiniDaoClassPathMapperScanner:48] register minidao name is { com.jeecg.chat.dao.ChatMessageHistoryDao }
[2019-08-10 23:23:23] [INFO] [org.jeecgframework.minidao.factory.MiniDaoClassPathMapperScanner:48] register minidao name is { com.jeecg.chat.dao.ImDao }
[2019-08-10 23:23:23] [INFO] [org.jeecgframework.minidao.factory.MiniDaoClassPathMapperScanner:48] register minidao name is { com.jeecg.mail.dao.P3MailJformInnerMailAttachDao }
[2019-08-10 23:23:23] [INFO] [org.jeecgframework.minidao.factory.MiniDaoClassPathMapperScanner:48] register minidao name is { com.jeecg.mail.dao.P3MailJformInnerMailDao }
[2019-08-10 23:23:23] [INFO] [org.jeecgframework.minidao.factory.MiniDaoClassPathMapperScanner:48] register minidao name is { com.jeecg.mail.dao.P3MailJformInnerMailReceiverDao }
[2019-08-10 23:23:23] [INFO] [org.jeecgframework.minidao.factory.MiniDaoClassPathMapperScanner:48] register minidao name is { com.jeecg.mail.dao.P3MailTSBaseUserDao }
[2019-08-10 23:23:23] [INFO] [org.jeecgframework.minidao.factory.MiniDaoClassPathMapperScanner:48] register minidao name is { com.jeecg.mail.dao.P3MailTSUserDao }
[2019-08-10 23:23:23] [INFO] [org.jeecgframework.minidao.factory.MiniDaoClassPathMapperScanner:48] register minidao name is { com.action.actsale.dao.BusContractMiniDao }
[2019-08-10 23:23:24] [INFO] [com.alibaba.druid.pool.DruidDataSource:928] {dataSource-1} inited
[2019-08-10 23:23:26] [WARN] [org.hibernate.id.UUIDHexGenerator:59] HHH000409: Using org.hibernate.id.UUIDHexGenerator which does not generate IETF RFC 4122 compliant UUID values; consider using org.hibernate.id.UUIDGenerator instead
[2019-08-10 23:23:27] [WARN] [net.sf.ehcache.config.CacheConfiguration:698] Cache 'foreverCache' is set to eternal but also has TTI/TTL set.  To avoid this warning, clean up the config removing conflicting values of eternal, TTI and TTL. Effective configuration for Cache 'foreverCache' will be eternal='true', timeToIdleSeconds='0', timeToLiveSeconds='0'.
[2019-08-10 23:23:29] [INFO] [org.quartz.impl.StdSchedulerFactory:1208] Using default implementation for ThreadExecutor
[2019-08-10 23:23:29] [INFO] [org.quartz.core.SchedulerSignalerImpl:61] Initialized Scheduler Signaller of type: class org.quartz.core.SchedulerSignalerImpl
[2019-08-10 23:23:29] [INFO] [org.quartz.core.QuartzScheduler:229] Quartz Scheduler v.2.3.0 created.
[2019-08-10 23:23:29] [INFO] [org.quartz.simpl.RAMJobStore:155] RAMJobStore initialized.
[2019-08-10 23:23:29] [INFO] [org.quartz.core.QuartzScheduler:294] Scheduler meta-data: Quartz Scheduler (v2.3.0) 'schedulerFactory' with instanceId 'NON_CLUSTERED'
  Scheduler class: 'org.quartz.core.QuartzScheduler' - running locally.
  NOT STARTED.
  Currently in standby mode.
  Number of jobs executed: 0
  Using thread pool 'org.quartz.simpl.SimpleThreadPool' - with 10 threads.
  Using job-store 'org.quartz.simpl.RAMJobStore' - which does not support persistence. and is not clustered.

[2019-08-10 23:23:29] [INFO] [org.quartz.impl.StdSchedulerFactory:1362] Quartz scheduler 'schedulerFactory' initialized from an externally provided properties instance.
[2019-08-10 23:23:29] [INFO] [org.quartz.impl.StdSchedulerFactory:1366] Quartz scheduler version: 2.3.0
[2019-08-10 23:23:29] [INFO] [org.quartz.core.QuartzScheduler:2287] JobFactory set to: org.jeecgframework.web.system.sms.util.JQuartzJobFactory@1d8c1922
[2019-08-10 23:23:30] [INFO] [org.jeecgframework.core.timer.DynamicTask:252]  register time task class num is [0] 
[2019-08-10 23:23:33] [INFO] [org.jeecgframework.core.timer.DataBaseSchedulerFactoryBean:648] Starting Quartz Scheduler now
[2019-08-10 23:23:33] [INFO] [org.quartz.core.QuartzScheduler:547] Scheduler schedulerFactory_$_NON_CLUSTERED started.
[2019-08-10 23:23:33] [INFO] [org.jeecgframework.web.system.service.impl.SystemServiceImpl:180]   ------ 初始化字典组 【系统缓存】-----------typeGroupsList-----size: [51]
[2019-08-10 23:23:33] [INFO] [org.jeecgframework.web.system.service.impl.SystemServiceImpl:181]   ------ 初始化字典 【系统缓存】-----------typesList-----size: [51]
[2019-08-10 23:23:33] [INFO] [org.jeecgframework.web.system.service.impl.MutiLangServiceImpl:43]   ------ 初始化国际化语言【系统缓存】  ------ size: [1219] 
[2019-08-10 23:23:33] [INFO] [org.jeecgframework.web.system.service.impl.DynamicDataSourceServiceImpl:41]   ------ 初始化动态数据源配置【系统缓存】---------size: [2] 
[2019-08-10 23:31:34] [INFO] [org.jeecgframework.web.system.controller.core.LoginController:223]  >>>>>>>>>>>>>>>>>>>>>>>>>>  Login 用户登录成功，初始化Main首页用户信息  （Main 首页加载逻辑）  >>>>>>>>>>>>>>>>>>>>>>>>>>>>>>>>> 
[2019-08-10 23:31:35] [INFO] [org.jeecgframework.web.system.controller.core.LoginController:264] login 资源路径returnURL：null
[2019-08-10 23:31:35] [INFO] [com.jeecg.chat.web.ImController:318] --通过流的方式获取文件异常--D:\upFiles\upload\files\20180715\qq_1531625977907.jpg (系统找不到指定的路径。)
[2019-08-10 23:31:35] [INFO] [com.jeecg.chat.web.ImController:318] --通过流的方式获取文件异常--D:\upFiles\20170502\4afbfbedab64034f9015f1bca8c379310b551dab.jpg (系统找不到指定的路径。)
[2019-08-10 23:31:45] [WARN] [org.hibernate.engine.jdbc.spi.SqlExceptionHelper:143] SQL Error: 1054, SQLState: 42S22
[2019-08-10 23:31:45] [ERROR] [org.hibernate.engine.jdbc.spi.SqlExceptionHelper:144] Unknown column 'this_.BPM_CUST_S_NAME' in 'field list'
[2019-08-10 23:31:45] [ERROR] [org.jeecgframework.core.common.exception.GlobalExceptionResolver:86] 全局处理异常捕获:
com.mysql.jdbc.exceptions.jdbc4.MySQLSyntaxErrorException: Unknown column 'this_.BPM_CUST_S_NAME' in 'field list'
	at sun.reflect.NativeConstructorAccessorImpl.newInstance0(Native Method)
	at sun.reflect.NativeConstructorAccessorImpl.newInstance(NativeConstructorAccessorImpl.java:57)
	at sun.reflect.DelegatingConstructorAccessorImpl.newInstance(DelegatingConstructorAccessorImpl.java:45)
	at java.lang.reflect.Constructor.newInstance(Constructor.java:526)
	at com.mysql.jdbc.Util.handleNewInstance(Util.java:411)
	at com.mysql.jdbc.Util.getInstance(Util.java:386)
	at com.mysql.jdbc.SQLError.createSQLException(SQLError.java:1054)
	at com.mysql.jdbc.MysqlIO.checkErrorPacket(MysqlIO.java:4237)
	at com.mysql.jdbc.MysqlIO.checkErrorPacket(MysqlIO.java:4169)
	at com.mysql.jdbc.MysqlIO.sendCommand(MysqlIO.java:2617)
	at com.mysql.jdbc.MysqlIO.sqlQueryDirect(MysqlIO.java:2778)
	at com.mysql.jdbc.ConnectionImpl.execSQL(ConnectionImpl.java:2825)
	at com.mysql.jdbc.PreparedStatement.executeInternal(PreparedStatement.java:2156)
	at com.mysql.jdbc.PreparedStatement.executeQuery(PreparedStatement.java:2323)
	at com.alibaba.druid.filter.FilterChainImpl.preparedStatement_executeQuery(FilterChainImpl.java:2830)
	at com.alibaba.druid.filter.FilterEventAdapter.preparedStatement_executeQuery(FilterEventAdapter.java:465)
	at com.alibaba.druid.filter.FilterChainImpl.preparedStatement_executeQuery(FilterChainImpl.java:2827)
	at com.alibaba.druid.proxy.jdbc.PreparedStatementProxyImpl.executeQuery(PreparedStatementProxyImpl.java:181)
	at com.alibaba.druid.pool.DruidPooledPreparedStatement.executeQuery(DruidPooledPreparedStatement.java:228)
	at sun.reflect.GeneratedMethodAccessor97.invoke(Unknown Source)
	at sun.reflect.DelegatingMethodAccessorImpl.invoke(DelegatingMethodAccessorImpl.java:43)
	at java.lang.reflect.Method.invoke(Method.java:606)
	at org.hibernate.engine.jdbc.internal.proxy.AbstractStatementProxyHandler.continueInvocation(AbstractStatementProxyHandler.java:122)
	at org.hibernate.engine.jdbc.internal.proxy.AbstractProxyHandler.invoke(AbstractProxyHandler.java:81)
	at com.sun.proxy.$Proxy166.executeQuery(Unknown Source)
	at org.hibernate.loader.Loader.getResultSet(Loader.java:1962)
	at org.hibernate.loader.Loader.doQuery(Loader.java:829)
	at org.hibernate.loader.Loader.doQueryAndInitializeNonLazyCollections(Loader.java:289)
	at org.hibernate.loader.Loader.doList(Loader.java:2447)
	at org.hibernate.loader.Loader.doList(Loader.java:2433)
	at org.hibernate.loader.Loader.listIgnoreQueryCache(Loader.java:2263)
	at org.hibernate.loader.Loader.list(Loader.java:2258)
	at org.hibernate.loader.criteria.CriteriaLoader.list(CriteriaLoader.java:122)
	at org.hibernate.internal.SessionImpl.list(SessionImpl.java:1535)
	at org.hibernate.internal.CriteriaImpl.list(CriteriaImpl.java:374)
	at org.jeecgframework.core.common.dao.impl.GenericBaseCommonDao.getDataGridReturn(GenericBaseCommonDao.java:763)
	at org.jeecgframework.core.common.service.impl.CommonServiceImpl.getDataGridReturn(CommonServiceImpl.java:260)
	at sun.reflect.NativeMethodAccessorImpl.invoke0(Native Method)
	at sun.reflect.NativeMethodAccessorImpl.invoke(NativeMethodAccessorImpl.java:57)
	at sun.reflect.DelegatingMethodAccessorImpl.invoke(DelegatingMethodAccessorImpl.java:43)
	at java.lang.reflect.Method.invoke(Method.java:606)
	at org.springframework.aop.support.AopUtils.invokeJoinpointUsingReflection(AopUtils.java:317)
	at org.springframework.aop.framework.ReflectiveMethodInvocation.invokeJoinpoint(ReflectiveMethodInvocation.java:190)
	at org.springframework.aop.framework.ReflectiveMethodInvocation.proceed(ReflectiveMethodInvocation.java:157)
	at org.springframework.transaction.interceptor.TransactionInterceptor$1.proceedWithInvocation(TransactionInterceptor.java:98)
	at org.springframework.transaction.interceptor.TransactionAspectSupport.invokeWithinTransaction(TransactionAspectSupport.java:262)
	at org.springframework.transaction.interceptor.TransactionInterceptor.invoke(TransactionInterceptor.java:95)
	at org.springframework.aop.framework.ReflectiveMethodInvocation.proceed(ReflectiveMethodInvocation.java:179)
	at org.springframework.aop.framework.JdkDynamicAopProxy.invoke(JdkDynamicAopProxy.java:207)
	at com.sun.proxy.$Proxy103.getDataGridReturn(Unknown Source)
	at com.action.actproject.controller.VmBusProjectManagerController.datagrid(VmBusProjectManagerController.java:147)
	at sun.reflect.NativeMethodAccessorImpl.invoke0(Native Method)
	at sun.reflect.NativeMethodAccessorImpl.invoke(NativeMethodAccessorImpl.java:57)
	at sun.reflect.DelegatingMethodAccessorImpl.invoke(DelegatingMethodAccessorImpl.java:43)
	at java.lang.reflect.Method.invoke(Method.java:606)
	at org.springframework.web.method.support.InvocableHandlerMethod.doInvoke(InvocableHandlerMethod.java:221)
	at org.springframework.web.method.support.InvocableHandlerMethod.invokeForRequest(InvocableHandlerMethod.java:137)
	at org.springframework.web.servlet.mvc.method.annotation.ServletInvocableHandlerMethod.invokeAndHandle(ServletInvocableHandlerMethod.java:104)
	at org.springframework.web.servlet.mvc.method.annotation.RequestMappingHandlerAdapter.invokeHandleMethod(RequestMappingHandlerAdapter.java:747)
	at org.springframework.web.servlet.mvc.method.annotation.RequestMappingHandlerAdapter.handleInternal(RequestMappingHandlerAdapter.java:676)
	at org.springframework.web.servlet.mvc.method.AbstractHandlerMethodAdapter.handle(AbstractHandlerMethodAdapter.java:85)
	at org.springframework.web.servlet.DispatcherServlet.doDispatch(DispatcherServlet.java:938)
	at org.springframework.web.servlet.DispatcherServlet.doService(DispatcherServlet.java:870)
	at org.springframework.web.servlet.FrameworkServlet.processRequest(FrameworkServlet.java:961)
	at org.springframework.web.servlet.FrameworkServlet.doPost(FrameworkServlet.java:863)
	at javax.servlet.http.HttpServlet.service(HttpServlet.java:637)
	at org.springframework.web.servlet.FrameworkServlet.service(FrameworkServlet.java:837)
	at javax.servlet.http.HttpServlet.service(HttpServlet.java:717)
	at org.apache.catalina.core.ApplicationFilterChain.internalDoFilter(ApplicationFilterChain.java:290)
	at org.apache.catalina.core.ApplicationFilterChain.doFilter(ApplicationFilterChain.java:206)
	at com.alibaba.druid.support.http.WebStatFilter.doFilter(WebStatFilter.java:123)
	at org.apache.catalina.core.ApplicationFilterChain.internalDoFilter(ApplicationFilterChain.java:235)
	at org.apache.catalina.core.ApplicationFilterChain.doFilter(ApplicationFilterChain.java:206)
	at org.jeecgframework.core.aop.GZipFilter.doFilter(GZipFilter.java:114)
	at org.apache.catalina.core.ApplicationFilterChain.internalDoFilter(ApplicationFilterChain.java:235)
	at org.apache.catalina.core.ApplicationFilterChain.doFilter(ApplicationFilterChain.java:206)
	at org.springframework.web.filter.CharacterEncodingFilter.doFilterInternal(CharacterEncodingFilter.java:88)
	at org.springframework.web.filter.OncePerRequestFilter.doFilter(OncePerRequestFilter.java:107)
	at org.apache.catalina.core.ApplicationFilterChain.internalDoFilter(ApplicationFilterChain.java:235)
	at org.apache.catalina.core.ApplicationFilterChain.doFilter(ApplicationFilterChain.java:206)
	at org.springframework.orm.hibernate4.support.OpenSessionInViewFilter.doFilterInternal(OpenSessionInViewFilter.java:150)
	at org.springframework.web.filter.OncePerRequestFilter.doFilter(OncePerRequestFilter.java:107)
	at org.apache.catalina.core.ApplicationFilterChain.internalDoFilter(ApplicationFilterChain.java:235)
	at org.apache.catalina.core.ApplicationFilterChain.doFilter(ApplicationFilterChain.java:206)
	at org.apache.catalina.core.StandardWrapperValve.invoke(StandardWrapperValve.java:233)
	at org.apache.catalina.core.StandardContextValve.invoke(StandardContextValve.java:191)
	at org.apache.catalina.core.StandardHostValve.invoke(StandardHostValve.java:127)
	at org.apache.catalina.valves.ErrorReportValve.invoke(ErrorReportValve.java:102)
	at org.apache.catalina.core.StandardEngineValve.invoke(StandardEngineValve.java:109)
	at org.apache.catalina.connector.CoyoteAdapter.service(CoyoteAdapter.java:298)
	at org.apache.coyote.http11.Http11Processor.process(Http11Processor.java:857)
	at org.apache.coyote.http11.Http11Protocol$Http11ConnectionHandler.process(Http11Protocol.java:588)
	at org.apache.tomcat.util.net.JIoEndpoint$Worker.run(JIoEndpoint.java:489)
	at java.lang.Thread.run(Thread.java:745)
[2019-08-10 23:31:45] [WARN] [org.hibernate.engine.jdbc.spi.SqlExceptionHelper:143] SQL Error: 1054, SQLState: 42S22
[2019-08-10 23:31:45] [ERROR] [org.hibernate.engine.jdbc.spi.SqlExceptionHelper:144] Unknown column 'this_.BPM_CUST_S_NAME' in 'field list'
[2019-08-10 23:31:45] [ERROR] [org.jeecgframework.core.common.exception.GlobalExceptionResolver:86] 全局处理异常捕获:
com.mysql.jdbc.exceptions.jdbc4.MySQLSyntaxErrorException: Unknown column 'this_.BPM_CUST_S_NAME' in 'field list'
	at sun.reflect.NativeConstructorAccessorImpl.newInstance0(Native Method)
	at sun.reflect.NativeConstructorAccessorImpl.newInstance(NativeConstructorAccessorImpl.java:57)
	at sun.reflect.DelegatingConstructorAccessorImpl.newInstance(DelegatingConstructorAccessorImpl.java:45)
	at java.lang.reflect.Constructor.newInstance(Constructor.java:526)
	at com.mysql.jdbc.Util.handleNewInstance(Util.java:411)
	at com.mysql.jdbc.Util.getInstance(Util.java:386)
	at com.mysql.jdbc.SQLError.createSQLException(SQLError.java:1054)
	at com.mysql.jdbc.MysqlIO.checkErrorPacket(MysqlIO.java:4237)
	at com.mysql.jdbc.MysqlIO.checkErrorPacket(MysqlIO.java:4169)
	at com.mysql.jdbc.MysqlIO.sendCommand(MysqlIO.java:2617)
	at com.mysql.jdbc.MysqlIO.sqlQueryDirect(MysqlIO.java:2778)
	at com.mysql.jdbc.ConnectionImpl.execSQL(ConnectionImpl.java:2825)
	at com.mysql.jdbc.PreparedStatement.executeInternal(PreparedStatement.java:2156)
	at com.mysql.jdbc.PreparedStatement.executeQuery(PreparedStatement.java:2323)
	at com.alibaba.druid.filter.FilterChainImpl.preparedStatement_executeQuery(FilterChainImpl.java:2830)
	at com.alibaba.druid.filter.FilterEventAdapter.preparedStatement_executeQuery(FilterEventAdapter.java:465)
	at com.alibaba.druid.filter.FilterChainImpl.preparedStatement_executeQuery(FilterChainImpl.java:2827)
	at com.alibaba.druid.proxy.jdbc.PreparedStatementProxyImpl.executeQuery(PreparedStatementProxyImpl.java:181)
	at com.alibaba.druid.pool.DruidPooledPreparedStatement.executeQuery(DruidPooledPreparedStatement.java:228)
	at sun.reflect.GeneratedMethodAccessor97.invoke(Unknown Source)
	at sun.reflect.DelegatingMethodAccessorImpl.invoke(DelegatingMethodAccessorImpl.java:43)
	at java.lang.reflect.Method.invoke(Method.java:606)
	at org.hibernate.engine.jdbc.internal.proxy.AbstractStatementProxyHandler.continueInvocation(AbstractStatementProxyHandler.java:122)
	at org.hibernate.engine.jdbc.internal.proxy.AbstractProxyHandler.invoke(AbstractProxyHandler.java:81)
	at com.sun.proxy.$Proxy166.executeQuery(Unknown Source)
	at org.hibernate.loader.Loader.getResultSet(Loader.java:1962)
	at org.hibernate.loader.Loader.doQuery(Loader.java:829)
	at org.hibernate.loader.Loader.doQueryAndInitializeNonLazyCollections(Loader.java:289)
	at org.hibernate.loader.Loader.doList(Loader.java:2447)
	at org.hibernate.loader.Loader.doList(Loader.java:2433)
	at org.hibernate.loader.Loader.listIgnoreQueryCache(Loader.java:2263)
	at org.hibernate.loader.Loader.list(Loader.java:2258)
	at org.hibernate.loader.criteria.CriteriaLoader.list(CriteriaLoader.java:122)
	at org.hibernate.internal.SessionImpl.list(SessionImpl.java:1535)
	at org.hibernate.internal.CriteriaImpl.list(CriteriaImpl.java:374)
	at org.jeecgframework.core.common.dao.impl.GenericBaseCommonDao.getDataGridReturn(GenericBaseCommonDao.java:763)
	at org.jeecgframework.core.common.service.impl.CommonServiceImpl.getDataGridReturn(CommonServiceImpl.java:260)
	at sun.reflect.NativeMethodAccessorImpl.invoke0(Native Method)
	at sun.reflect.NativeMethodAccessorImpl.invoke(NativeMethodAccessorImpl.java:57)
	at sun.reflect.DelegatingMethodAccessorImpl.invoke(DelegatingMethodAccessorImpl.java:43)
	at java.lang.reflect.Method.invoke(Method.java:606)
	at org.springframework.aop.support.AopUtils.invokeJoinpointUsingReflection(AopUtils.java:317)
	at org.springframework.aop.framework.ReflectiveMethodInvocation.invokeJoinpoint(ReflectiveMethodInvocation.java:190)
	at org.springframework.aop.framework.ReflectiveMethodInvocation.proceed(ReflectiveMethodInvocation.java:157)
	at org.springframework.transaction.interceptor.TransactionInterceptor$1.proceedWithInvocation(TransactionInterceptor.java:98)
	at org.springframework.transaction.interceptor.TransactionAspectSupport.invokeWithinTransaction(TransactionAspectSupport.java:262)
	at org.springframework.transaction.interceptor.TransactionInterceptor.invoke(TransactionInterceptor.java:95)
	at org.springframework.aop.framework.ReflectiveMethodInvocation.proceed(ReflectiveMethodInvocation.java:179)
	at org.springframework.aop.framework.JdkDynamicAopProxy.invoke(JdkDynamicAopProxy.java:207)
	at com.sun.proxy.$Proxy103.getDataGridReturn(Unknown Source)
	at com.action.actproject.controller.VmBusProjectManagerController.datagrid(VmBusProjectManagerController.java:147)
	at sun.reflect.NativeMethodAccessorImpl.invoke0(Native Method)
	at sun.reflect.NativeMethodAccessorImpl.invoke(NativeMethodAccessorImpl.java:57)
	at sun.reflect.DelegatingMethodAccessorImpl.invoke(DelegatingMethodAccessorImpl.java:43)
	at java.lang.reflect.Method.invoke(Method.java:606)
	at org.springframework.web.method.support.InvocableHandlerMethod.doInvoke(InvocableHandlerMethod.java:221)
	at org.springframework.web.method.support.InvocableHandlerMethod.invokeForRequest(InvocableHandlerMethod.java:137)
	at org.springframework.web.servlet.mvc.method.annotation.ServletInvocableHandlerMethod.invokeAndHandle(ServletInvocableHandlerMethod.java:104)
	at org.springframework.web.servlet.mvc.method.annotation.RequestMappingHandlerAdapter.invokeHandleMethod(RequestMappingHandlerAdapter.java:747)
	at org.springframework.web.servlet.mvc.method.annotation.RequestMappingHandlerAdapter.handleInternal(RequestMappingHandlerAdapter.java:676)
	at org.springframework.web.servlet.mvc.method.AbstractHandlerMethodAdapter.handle(AbstractHandlerMethodAdapter.java:85)
	at org.springframework.web.servlet.DispatcherServlet.doDispatch(DispatcherServlet.java:938)
	at org.springframework.web.servlet.DispatcherServlet.doService(DispatcherServlet.java:870)
	at org.springframework.web.servlet.FrameworkServlet.processRequest(FrameworkServlet.java:961)
	at org.springframework.web.servlet.FrameworkServlet.doPost(FrameworkServlet.java:863)
	at javax.servlet.http.HttpServlet.service(HttpServlet.java:637)
	at org.springframework.web.servlet.FrameworkServlet.service(FrameworkServlet.java:837)
	at javax.servlet.http.HttpServlet.service(HttpServlet.java:717)
	at org.apache.catalina.core.ApplicationFilterChain.internalDoFilter(ApplicationFilterChain.java:290)
	at org.apache.catalina.core.ApplicationFilterChain.doFilter(ApplicationFilterChain.java:206)
	at com.alibaba.druid.support.http.WebStatFilter.doFilter(WebStatFilter.java:123)
	at org.apache.catalina.core.ApplicationFilterChain.internalDoFilter(ApplicationFilterChain.java:235)
	at org.apache.catalina.core.ApplicationFilterChain.doFilter(ApplicationFilterChain.java:206)
	at org.jeecgframework.core.aop.GZipFilter.doFilter(GZipFilter.java:114)
	at org.apache.catalina.core.ApplicationFilterChain.internalDoFilter(ApplicationFilterChain.java:235)
	at org.apache.catalina.core.ApplicationFilterChain.doFilter(ApplicationFilterChain.java:206)
	at org.springframework.web.filter.CharacterEncodingFilter.doFilterInternal(CharacterEncodingFilter.java:88)
	at org.springframework.web.filter.OncePerRequestFilter.doFilter(OncePerRequestFilter.java:107)
	at org.apache.catalina.core.ApplicationFilterChain.internalDoFilter(ApplicationFilterChain.java:235)
	at org.apache.catalina.core.ApplicationFilterChain.doFilter(ApplicationFilterChain.java:206)
	at org.springframework.orm.hibernate4.support.OpenSessionInViewFilter.doFilterInternal(OpenSessionInViewFilter.java:150)
	at org.springframework.web.filter.OncePerRequestFilter.doFilter(OncePerRequestFilter.java:107)
	at org.apache.catalina.core.ApplicationFilterChain.internalDoFilter(ApplicationFilterChain.java:235)
	at org.apache.catalina.core.ApplicationFilterChain.doFilter(ApplicationFilterChain.java:206)
	at org.apache.catalina.core.StandardWrapperValve.invoke(StandardWrapperValve.java:233)
	at org.apache.catalina.core.StandardContextValve.invoke(StandardContextValve.java:191)
	at org.apache.catalina.core.StandardHostValve.invoke(StandardHostValve.java:127)
	at org.apache.catalina.valves.ErrorReportValve.invoke(ErrorReportValve.java:102)
	at org.apache.catalina.core.StandardEngineValve.invoke(StandardEngineValve.java:109)
	at org.apache.catalina.connector.CoyoteAdapter.service(CoyoteAdapter.java:298)
	at org.apache.coyote.http11.Http11Processor.process(Http11Processor.java:857)
	at org.apache.coyote.http11.Http11Protocol$Http11ConnectionHandler.process(Http11Protocol.java:588)
	at org.apache.tomcat.util.net.JIoEndpoint$Worker.run(JIoEndpoint.java:489)
	at java.lang.Thread.run(Thread.java:745)
[2019-08-10 23:31:45] [WARN] [org.springframework.web.servlet.PageNotFound:1114] No mapping found for HTTP request with URI [/hzaction/vwRpBusCollectPlanTotalController.do] in DispatcherServlet with name 'springMvc'
